2026-01-26 19:52:21,406 [INFO] Activator:176 - 


2026-01-26 19:52:21,410 [INFO] Activator:177 - !SESSION log4j initialized
2026-01-26 19:52:26,283 [INFO] LogOutputStream:77 - [STDOUT_REDIRECT] 
2026-01-26 19:52:27,328 [INFO] ApplicationProperties:184 - Using Application install path: F:\stm32_1_9_0\STM32CubeIDE_1.19.0\STM32CubeIDE\plugins\com.st.stm32cube.common.mx_6.15.0.202507011659
2026-01-26 19:52:27,360 [INFO] DbMcusXml:78 - Set database path to: F:\stm32_1_9_0\STM32CubeIDE_1.19.0\STM32CubeIDE\plugins\com.st.stm32cube.common.mx_6.15.0.202507011659\\db\/mcu/
2026-01-26 19:52:27,360 [INFO] ApiDb:274 - Set plugin database path to: F:\stm32_1_9_0\STM32CubeIDE_1.19.0\STM32CubeIDE\plugins\com.st.stm32cube.common.mx_6.15.0.202507011659\\db\/plugins/boardmanager/
2026-01-26 19:52:27,361 [WARN] ApiDb:259 - Overriding images path with different value:  => F:\stm32_1_9_0\STM32CubeIDE_1.19.0\STM32CubeIDE\plugins\com.st.stm32cube.common.mx_6.15.0.202507011659\\db\/plugins/mcufinder/images/
2026-01-26 19:52:27,372 [INFO] ApiDb:250 - Set database path to: C:\Users\DELL\.stmcufinder\plugins\mcufinder//mcu/
2026-01-26 19:52:27,373 [INFO] DbMcusAds:125 - Set database path to: C:\Users\DELL\.stmcufinder\plugins\mcufinder//mcu/
2026-01-26 19:52:27,375 [INFO] CrossReferenceDbSqlite:203 - Set database path to: C:\Users\DELL\.stmcufinder\plugins\mcufinder//mcu/cs/
2026-01-26 19:52:27,477 [INFO] RulesReader:64 - Compatibility file has been processed (317 Rules)
2026-01-26 19:52:27,543 [INFO] DbMcusXml:78 - Set database path to: F:\stm32_1_9_0\STM32CubeIDE_1.19.0\STM32CubeIDE\plugins\com.st.stm32cube.common.mx_6.15.0.202507011659\\db\/mcu/
2026-01-26 19:52:27,543 [INFO] ApiDb:274 - Set plugin database path to: F:\stm32_1_9_0\STM32CubeIDE_1.19.0\STM32CubeIDE\plugins\com.st.stm32cube.common.mx_6.15.0.202507011659\\db\/plugins/boardmanager/
2026-01-26 19:52:27,543 [INFO] ApiDb:261 - Set plugin images path to: F:\stm32_1_9_0\STM32CubeIDE_1.19.0\STM32CubeIDE\plugins\com.st.stm32cube.common.mx_6.15.0.202507011659\\db\/plugins/mcufinder/images/
2026-01-26 19:52:27,543 [WARN] DbFile:41 - Overriding database path with different value: C:\Users\DELL\.stmcufinder\plugins\mcufinder/ => C:\Users\DELL\.stmcufinder\plugins\mcufinder
2026-01-26 19:52:27,544 [INFO] ApiDb:250 - Set database path to: C:\Users\DELL\.stmcufinder\plugins\mcufinder//mcu/
2026-01-26 19:52:27,544 [WARN] DbFile:41 - Overriding database path with different value: C:\Users\DELL\.stmcufinder\plugins\mcufinder/ => C:\Users\DELL\.stmcufinder\plugins\mcufinder
2026-01-26 19:52:27,544 [INFO] DbMcusAds:125 - Set database path to: C:\Users\DELL\.stmcufinder\plugins\mcufinder//mcu/
2026-01-26 19:52:27,544 [WARN] DbFile:41 - Overriding database path with different value: C:\Users\DELL\.stmcufinder\plugins\mcufinder/ => C:\Users\DELL\.stmcufinder\plugins\mcufinder
2026-01-26 19:52:27,544 [WARN] DbFile:41 - Overriding database path with different value: C:\Users\DELL\.stmcufinder\plugins\mcufinder/ => C:\Users\DELL\.stmcufinder\plugins\mcufinder
2026-01-26 19:52:27,544 [INFO] CrossReferenceDbSqlite:203 - Set database path to: C:\Users\DELL\.stmcufinder\plugins\mcufinder//mcu/cs/
2026-01-26 19:52:27,622 [INFO] MainPanel:274 - HeapMemory: 268435456
2026-01-26 19:52:27,724 [INFO] DbMcusXml:78 - Set database path to: F:\stm32_1_9_0\STM32CubeIDE_1.19.0\STM32CubeIDE\plugins\com.st.stm32cube.common.mx_6.15.0.202507011659\\db\/mcu/
2026-01-26 19:52:27,725 [INFO] ApiDb:274 - Set plugin database path to: F:\stm32_1_9_0\STM32CubeIDE_1.19.0\STM32CubeIDE\plugins\com.st.stm32cube.common.mx_6.15.0.202507011659\\db\/plugins/boardmanager/
2026-01-26 19:52:27,725 [INFO] ApiDb:261 - Set plugin images path to: F:\stm32_1_9_0\STM32CubeIDE_1.19.0\STM32CubeIDE\plugins\com.st.stm32cube.common.mx_6.15.0.202507011659\\db\/plugins/mcufinder/images/
2026-01-26 19:52:27,725 [WARN] DbFile:41 - Overriding database path with different value: C:\Users\DELL\.stmcufinder\plugins\mcufinder/ => C:\Users\DELL\.stmcufinder\plugins\mcufinder
2026-01-26 19:52:27,725 [INFO] ApiDb:250 - Set database path to: C:\Users\DELL\.stmcufinder\plugins\mcufinder//mcu/
2026-01-26 19:52:27,725 [WARN] DbFile:41 - Overriding database path with different value: C:\Users\DELL\.stmcufinder\plugins\mcufinder/ => C:\Users\DELL\.stmcufinder\plugins\mcufinder
2026-01-26 19:52:27,725 [INFO] DbMcusAds:125 - Set database path to: C:\Users\DELL\.stmcufinder\plugins\mcufinder//mcu/
2026-01-26 19:52:27,727 [WARN] DbFile:41 - Overriding database path with different value: C:\Users\DELL\.stmcufinder\plugins\mcufinder/ => C:\Users\DELL\.stmcufinder\plugins\mcufinder
2026-01-26 19:52:27,727 [WARN] DbFile:41 - Overriding database path with different value: C:\Users\DELL\.stmcufinder\plugins\mcufinder/ => C:\Users\DELL\.stmcufinder\plugins\mcufinder
2026-01-26 19:52:27,727 [INFO] CrossReferenceDbSqlite:203 - Set database path to: C:\Users\DELL\.stmcufinder\plugins\mcufinder//mcu/cs/
2026-01-26 19:52:27,743 [INFO] ApplicationProperties:184 - Using Application install path: F:\stm32_1_9_0\STM32CubeIDE_1.19.0\STM32CubeIDE\plugins\com.st.stm32cube.common.mx_6.15.0.202507011659
2026-01-26 19:52:27,745 [INFO] PluginManage:196 - Search for loadable plugins [exclusion list=, ]
2026-01-26 19:52:27,746 [INFO] PluginManage:310 - Check plugin analytics
2026-01-26 19:52:27,906 [INFO] AnalyticsPlugin:253 - Accepted Software Licenses: 
2026-01-26 19:52:27,906 [INFO] AnalyticsPlugin:255 - Accepted CMSIS Pack Licenses: 
2026-01-26 19:52:27,906 [INFO] AnalyticsPlugin:257 - Accepted Firmware Licenses: 
2026-01-26 19:52:27,909 [INFO] PluginManage:359 - Loaded plugin analytics (category:tool,tabindex:-1)
2026-01-26 19:52:27,909 [INFO] PluginManage:310 - Check plugin cadmodel
2026-01-26 19:52:27,915 [INFO] CADModel:105 - Init CAD model plugin
2026-01-26 19:52:27,915 [INFO] PluginManage:359 - Loaded plugin cadmodel (category:power,tabindex:5)
2026-01-26 19:52:27,915 [INFO] PluginManage:310 - Check plugin clock
2026-01-26 19:52:27,925 [INFO] PluginManage:359 - Loaded plugin clock (category:base,tabindex:2)
2026-01-26 19:52:27,925 [INFO] PluginManage:310 - Check plugin ddr
2026-01-26 19:52:27,929 [INFO] PluginManage:359 - Loaded plugin ddr (category:tool,tabindex:6)
2026-01-26 19:52:27,929 [INFO] PluginManage:310 - Check plugin filemanager
2026-01-26 19:52:28,074 [INFO] PluginManage:359 - Loaded plugin filemanager (category:base,tabindex:10)
2026-01-26 19:52:28,074 [INFO] PluginManage:310 - Check plugin ipmanager
2026-01-26 19:52:28,080 [INFO] PluginManage:359 - Loaded plugin ipmanager (category:base,tabindex:5)
2026-01-26 19:52:28,080 [INFO] PluginManage:310 - Check plugin lpbam
2026-01-26 19:52:28,089 [INFO] PluginManage:359 - Loaded plugin lpbam (category:base,tabindex:0)
2026-01-26 19:52:28,089 [INFO] PluginManage:310 - Check plugin memorymap
2026-01-26 19:52:28,105 [INFO] PluginManage:359 - Loaded plugin memorymap (category:base,tabindex:4)
2026-01-26 19:52:28,105 [INFO] PluginManage:310 - Check plugin pinoutandconfiguration
2026-01-26 19:52:28,112 [INFO] PluginManage:359 - Loaded plugin pinoutandconfiguration (category:base,tabindex:1)
2026-01-26 19:52:28,113 [INFO] PluginManage:310 - Check plugin pinoutconfig
2026-01-26 19:52:28,188 [WARN] SupportedApi:132 - Cannot load RTOS API schema: s4s-elt-must-match.1: The content of 'definitions' must match (annotation?, (simpleType | complexType)?, (unique | key | keyref)*)). A problem was found starting at: attribute.
2026-01-26 19:52:28,317 [INFO] PluginManage:359 - Loaded plugin pinoutconfig (category:base,tabindex:0)
2026-01-26 19:52:28,317 [INFO] PluginManage:310 - Check plugin power
2026-01-26 19:52:28,325 [INFO] PluginManage:359 - Loaded plugin power (category:power,tabindex:4)
2026-01-26 19:52:28,325 [INFO] PluginManage:310 - Check plugin projectmanager
2026-01-26 19:52:28,338 [INFO] PluginManage:359 - Loaded plugin projectmanager (category:projectmanager,tabindex:4)
2026-01-26 19:52:28,338 [INFO] PluginManage:310 - Check plugin rif
2026-01-26 19:52:28,346 [INFO] PluginManage:359 - Loaded plugin rif (category:base,tabindex:3)
2026-01-26 19:52:28,346 [INFO] PluginManage:310 - Check plugin thirdparty
2026-01-26 19:52:28,449 [INFO] PluginManage:359 - Loaded plugin thirdparty (category:base,tabindex:-1)
2026-01-26 19:52:28,450 [WARN] IntegrityCheckThread:84 - waiting for thirdparty lock release [integrity check]
2026-01-26 19:52:28,450 [INFO] PluginManage:310 - Check plugin tools
2026-01-26 19:52:28,450 [INFO] IntegrityCheckThread:86 - entering critical section [integrity check]
2026-01-26 19:52:28,450 [INFO] ThirdPartyUpdaterWithRetryManager:70 - Updater plugin not ready yet. [1/15]
2026-01-26 19:52:28,452 [INFO] PluginManage:359 - Loaded plugin tools (category:base,tabindex:7)
2026-01-26 19:52:28,452 [INFO] PluginManage:310 - Check plugin tutovideos
2026-01-26 19:52:28,635 [INFO] PluginManage:359 - Loaded plugin tutovideos (category:base,tabindex:-1)
2026-01-26 19:52:28,635 [INFO] PluginManage:310 - Check plugin updater
2026-01-26 19:52:28,654 [INFO] PluginManage:359 - Loaded plugin updater (category:base,tabindex:12)
2026-01-26 19:52:28,654 [INFO] PluginManage:310 - Check plugin userauth
2026-01-26 19:52:28,660 [INFO] UserAuth:118 - Init User Auth plugin
2026-01-26 19:52:28,661 [INFO] PluginManage:359 - Loaded plugin userauth (category:base,tabindex:14)
2026-01-26 19:52:28,661 [INFO] PluginManage:283 - PluginManage : Loaded plugins [18]
2026-01-26 19:52:28,855 [INFO] PinOutPanel:1589 - setPackage(No Configuration,No Configuration)
2026-01-26 19:52:28,923 [INFO] CADModel:165 - CPN selected for project level
2026-01-26 19:52:28,924 [INFO] CADModel:114 - Register for checkConnection events
2026-01-26 19:52:28,942 [INFO] IPUIPlugin:80 - create IPUIPlugin
2026-01-26 19:52:28,942 [INFO] PluginManager:220 - loadIPPluginJar : add adc
2026-01-26 19:52:28,945 [INFO] IPUIPlugin:80 - create IPUIPlugin
2026-01-26 19:52:28,946 [INFO] PluginManager:220 - loadIPPluginJar : add aes
2026-01-26 19:52:28,948 [INFO] IPUIPlugin:80 - create IPUIPlugin
2026-01-26 19:52:28,948 [INFO] PluginManager:220 - loadIPPluginJar : add can
2026-01-26 19:52:28,950 [INFO] IPUIPlugin:80 - create IPUIPlugin
2026-01-26 19:52:28,950 [INFO] PluginManager:220 - loadIPPluginJar : add comp
2026-01-26 19:52:28,952 [INFO] IPUIPlugin:80 - create IPUIPlugin
2026-01-26 19:52:28,952 [INFO] PluginManager:220 - loadIPPluginJar : add cryp
2026-01-26 19:52:28,956 [INFO] IPUIPlugin:80 - create IPUIPlugin
2026-01-26 19:52:28,956 [INFO] PluginManager:220 - loadIPPluginJar : add ddr_ctrl_phy
2026-01-26 19:52:28,958 [INFO] IPUIPlugin:80 - create IPUIPlugin
2026-01-26 19:52:28,958 [INFO] PluginManager:220 - loadIPPluginJar : add dfsdm
2026-01-26 19:52:28,964 [INFO] IPUIPlugin:80 - create IPUIPlugin
2026-01-26 19:52:28,964 [INFO] PluginManager:220 - loadIPPluginJar : add dma
2026-01-26 19:52:28,967 [INFO] IPUIPlugin:80 - create IPUIPlugin
2026-01-26 19:52:28,967 [INFO] PluginManager:220 - loadIPPluginJar : add dma3
2026-01-26 19:52:28,970 [INFO] IPUIPlugin:80 - create IPUIPlugin
2026-01-26 19:52:28,970 [INFO] PluginManager:220 - loadIPPluginJar : add extmemmanager
2026-01-26 19:52:28,971 [INFO] IPUIPlugin:80 - create IPUIPlugin
2026-01-26 19:52:28,971 [INFO] PluginManager:220 - loadIPPluginJar : add fatfs
2026-01-26 19:52:28,975 [INFO] IPUIPlugin:80 - create IPUIPlugin
2026-01-26 19:52:28,975 [INFO] PluginManager:220 - loadIPPluginJar : add fmc
2026-01-26 19:52:28,983 [INFO] IPUIPlugin:80 - create IPUIPlugin
2026-01-26 19:52:28,984 [INFO] PluginManager:220 - loadIPPluginJar : add freertos
2026-01-26 19:52:28,985 [INFO] IPUIPlugin:80 - create IPUIPlugin
2026-01-26 19:52:28,985 [INFO] PluginManager:220 - loadIPPluginJar : add genericplugin
2026-01-26 19:52:28,987 [INFO] IPUIPlugin:80 - create IPUIPlugin
2026-01-26 19:52:28,988 [INFO] PluginManager:220 - loadIPPluginJar : add gfxmmu
2026-01-26 19:52:28,992 [INFO] IPUIPlugin:80 - create IPUIPlugin
2026-01-26 19:52:28,992 [INFO] PluginManager:220 - loadIPPluginJar : add gic
2026-01-26 19:52:28,996 [INFO] IPUIPlugin:80 - create IPUIPlugin
2026-01-26 19:52:28,997 [INFO] PluginManager:220 - loadIPPluginJar : add gpio
2026-01-26 19:52:28,999 [INFO] IPUIPlugin:80 - create IPUIPlugin
2026-01-26 19:52:29,000 [INFO] PluginManager:220 - loadIPPluginJar : add gtzc
2026-01-26 19:52:29,002 [INFO] IPUIPlugin:80 - create IPUIPlugin
2026-01-26 19:52:29,003 [INFO] PluginManager:220 - loadIPPluginJar : add hash
2026-01-26 19:52:29,005 [INFO] IPUIPlugin:80 - create IPUIPlugin
2026-01-26 19:52:29,005 [INFO] PluginManager:220 - loadIPPluginJar : add i2c
2026-01-26 19:52:29,008 [INFO] IPUIPlugin:80 - create IPUIPlugin
2026-01-26 19:52:29,008 [INFO] PluginManager:220 - loadIPPluginJar : add i2s
2026-01-26 19:52:29,011 [INFO] IPUIPlugin:80 - create IPUIPlugin
2026-01-26 19:52:29,011 [INFO] PluginManager:220 - loadIPPluginJar : add i3c
2026-01-26 19:52:29,014 [INFO] IPUIPlugin:80 - create IPUIPlugin
2026-01-26 19:52:29,015 [INFO] PluginManager:220 - loadIPPluginJar : add ipddr
2026-01-26 19:52:29,021 [INFO] IPUIPlugin:80 - create IPUIPlugin
2026-01-26 19:52:29,021 [INFO] PluginManager:220 - loadIPPluginJar : add linkedlist
2026-01-26 19:52:29,024 [INFO] IPUIPlugin:80 - create IPUIPlugin
2026-01-26 19:52:29,024 [INFO] PluginManager:220 - loadIPPluginJar : add lorawan
2026-01-26 19:52:29,025 [INFO] IPUIPlugin:80 - create IPUIPlugin
2026-01-26 19:52:29,025 [INFO] PluginManager:220 - loadIPPluginJar : add ltdc
2026-01-26 19:52:29,030 [INFO] IPUIPlugin:80 - create IPUIPlugin
2026-01-26 19:52:29,030 [INFO] PluginManager:220 - loadIPPluginJar : add mdma
2026-01-26 19:52:29,033 [INFO] IPUIPlugin:80 - create IPUIPlugin
2026-01-26 19:52:29,033 [INFO] PluginManager:220 - loadIPPluginJar : add nvic
2026-01-26 19:52:29,035 [INFO] IPUIPlugin:80 - create IPUIPlugin
2026-01-26 19:52:29,036 [INFO] PluginManager:220 - loadIPPluginJar : add opamp
2026-01-26 19:52:29,038 [INFO] IPUIPlugin:80 - create IPUIPlugin
2026-01-26 19:52:29,038 [INFO] PluginManager:220 - loadIPPluginJar : add openamp
2026-01-26 19:52:29,041 [INFO] IPUIPlugin:80 - create IPUIPlugin
2026-01-26 19:52:29,041 [INFO] PluginManager:220 - loadIPPluginJar : add pdm2pcm
2026-01-26 19:52:29,046 [INFO] IPUIPlugin:80 - create IPUIPlugin
2026-01-26 19:52:29,048 [INFO] PluginManager:220 - loadIPPluginJar : add plateformsettings
2026-01-26 19:52:29,049 [INFO] IPUIPlugin:80 - create IPUIPlugin
2026-01-26 19:52:29,050 [INFO] PluginManager:220 - loadIPPluginJar : add quadspi
2026-01-26 19:52:29,051 [INFO] IPUIPlugin:80 - create IPUIPlugin
2026-01-26 19:52:29,052 [INFO] PluginManager:220 - loadIPPluginJar : add radio
2026-01-26 19:52:29,055 [INFO] IPUIPlugin:80 - create IPUIPlugin
2026-01-26 19:52:29,055 [INFO] PluginManager:220 - loadIPPluginJar : add resmgrutility
2026-01-26 19:52:29,057 [INFO] IPUIPlugin:80 - create IPUIPlugin
2026-01-26 19:52:29,058 [INFO] PluginManager:220 - loadIPPluginJar : add sai
2026-01-26 19:52:29,060 [INFO] IPUIPlugin:80 - create IPUIPlugin
2026-01-26 19:52:29,060 [INFO] PluginManager:220 - loadIPPluginJar : add spi
2026-01-26 19:52:29,064 [INFO] IPUIPlugin:80 - create IPUIPlugin
2026-01-26 19:52:29,065 [INFO] PluginManager:220 - loadIPPluginJar : add stm32_wpan
2026-01-26 19:52:29,066 [INFO] IPUIPlugin:80 - create IPUIPlugin
2026-01-26 19:52:29,066 [INFO] PluginManager:220 - loadIPPluginJar : add tim
2026-01-26 19:52:29,069 [INFO] IPUIPlugin:80 - create IPUIPlugin
2026-01-26 19:52:29,069 [INFO] PluginManager:220 - loadIPPluginJar : add touchsensing
2026-01-26 19:52:29,071 [INFO] IPUIPlugin:80 - create IPUIPlugin
2026-01-26 19:52:29,071 [INFO] PluginManager:220 - loadIPPluginJar : add tracer_emb
2026-01-26 19:52:29,073 [INFO] IPUIPlugin:80 - create IPUIPlugin
2026-01-26 19:52:29,073 [INFO] PluginManager:220 - loadIPPluginJar : add ts
2026-01-26 19:52:29,074 [INFO] IPUIPlugin:80 - create IPUIPlugin
2026-01-26 19:52:29,074 [INFO] PluginManager:220 - loadIPPluginJar : add tsc
2026-01-26 19:52:29,076 [INFO] IPUIPlugin:80 - create IPUIPlugin
2026-01-26 19:52:29,076 [INFO] PluginManager:220 - loadIPPluginJar : add ucpd
2026-01-26 19:52:29,078 [INFO] IPUIPlugin:80 - create IPUIPlugin
2026-01-26 19:52:29,079 [INFO] PluginManager:220 - loadIPPluginJar : add usart
2026-01-26 19:52:29,082 [INFO] IPUIPlugin:80 - create IPUIPlugin
2026-01-26 19:52:29,082 [INFO] PluginManager:220 - loadIPPluginJar : add usbx
2026-01-26 19:52:29,198 [FATAL] Updater:351 - Updater called before beeing initialized
2026-01-26 19:52:29,233 [INFO] RulesReader:64 - Compatibility file has been processed (317 Rules)
2026-01-26 19:52:29,244 [INFO] RulesReader:64 - Compatibility file has been processed (317 Rules)
2026-01-26 19:52:29,251 [INFO] CADModel:165 - CPN selected for project level
2026-01-26 19:52:29,251 [INFO] CADModel:114 - Register for checkConnection events
2026-01-26 19:52:29,251 [FATAL] Updater:351 - Updater called before beeing initialized
2026-01-26 19:52:29,251 [ERROR] CADModel:125 - Updater not yet initialized, retry later 
2026-01-26 19:52:29,381 [FATAL] Updater:351 - Updater called before beeing initialized
2026-01-26 19:52:29,383 [INFO] CADModel:165 - CPN selected for project level
2026-01-26 19:52:29,384 [INFO] CADModel:114 - Register for checkConnection events
2026-01-26 19:52:29,384 [FATAL] Updater:351 - Updater called before beeing initialized
2026-01-26 19:52:29,384 [ERROR] CADModel:125 - Updater not yet initialized, retry later 
2026-01-26 19:52:29,386 [FATAL] Updater:351 - Updater called before beeing initialized
2026-01-26 19:52:29,463 [FATAL] Updater:351 - Updater called before beeing initialized
2026-01-26 19:52:29,466 [INFO] DbMcusAds:53 - JSON generation date=Thu Jan 08 22:56:32 ICT 2026 (1767887792525)
2026-01-26 19:52:29,466 [FATAL] Updater:351 - Updater called before beeing initialized
2026-01-26 19:52:29,499 [WARN] DetailPanel:346 - Failed to get advertising image, set to default
2026-01-26 19:52:29,567 [FATAL] Updater:351 - Updater called before beeing initialized
2026-01-26 19:52:29,568 [FATAL] Updater:351 - Updater called before beeing initialized
2026-01-26 19:52:29,569 [FATAL] Updater:351 - Updater called before beeing initialized
2026-01-26 19:52:29,569 [WARN] DetailPanel:346 - Failed to get advertising image, set to default
2026-01-26 19:52:29,569 [FATAL] Updater:351 - Updater called before beeing initialized
2026-01-26 19:52:29,612 [ERROR] Updater:1198 - MainUpdater not yet initialized. External WinMGr cannot be set.
2026-01-26 19:52:29,614 [INFO] Updater:1134 - Updater Version found : 6.15.0
2026-01-26 19:52:29,630 [INFO] ApplicationProperties:184 - Using Application install path: F:\stm32_1_9_0\STM32CubeIDE_1.19.0\STM32CubeIDE\plugins\com.st.stm32cube.common.mx_6.15.0.202507011659
2026-01-26 19:52:31,222 [ERROR] LogOutputStream:75 - [STDERR_REDIRECT] Jan 26, 2026 7:52:31 PM java.util.prefs.WindowsPreferences <init>
2026-01-26 19:52:31,223 [ERROR] LogOutputStream:75 - [STDERR_REDIRECT] WARNING: Could not open/create prefs root node Software\JavaSoft\Prefs at root 0xffffffff80000002. Windows RegCreateKeyEx(...) returned error code 5.
2026-01-26 19:52:31,223 [ERROR] LogOutputStream:75 - [STDERR_REDIRECT] 
2026-01-26 19:52:31,451 [INFO] ThirdPartyUpdaterWithRetryManager:70 - Updater plugin not ready yet. [2/15]
2026-01-26 19:52:31,588 [INFO] MainUpdater:2872 - connection check result : 10
2026-01-26 19:52:31,588 [INFO] MainUpdater:289 - Updater Check For Update Now.
2026-01-26 19:52:31,589 [INFO] MicroXplorer:498 - Change Database Version : DB.6.0.150
2026-01-26 19:52:31,599 [INFO] McuFinderGlobals:63 - Set McuFinder mode to 2 (CubeIDE integrated)
2026-01-26 19:52:31,600 [INFO] UserAuth:171 - activating auth plugin
2026-01-26 19:52:31,603 [INFO] UserAuth:487 - Internet connection configuration mode: 1
2026-01-26 19:52:31,634 [INFO] JxBrowserEngine:152 - Initiate JxBrowser Engine with user profile folder
2026-01-26 19:52:31,780 [INFO] CheckServerUpdateThread:120 - End of CheckServer Thread
2026-01-26 19:52:32,537 [INFO] WebApp:169 - Instantiating new browser for Auth
2026-01-26 19:52:33,248 [INFO] WebApp:463 - Apply proxy settings
2026-01-26 19:52:33,248 [INFO] WebApp:548 - Chromium requires no authentication
2026-01-26 19:52:33,257 [INFO] WebApp:491 - Direct internet connection detected
2026-01-26 19:52:33,278 [INFO] WebApp:900 - Register for checkConnection events
2026-01-26 19:52:33,278 [INFO] WebApp:463 - Apply proxy settings
2026-01-26 19:52:33,278 [INFO] WebApp:548 - Chromium requires no authentication
2026-01-26 19:52:33,279 [INFO] WebApp:491 - Direct internet connection detected
2026-01-26 19:52:33,471 [INFO] WebApp:225 - Starting web application
2026-01-26 19:52:33,471 [INFO] WebApp:593 - Web application path used F:\stm32_1_9_0\STM32CubeIDE_1.19.0\STM32CubeIDE\plugins\com.st.stm32cube.common.mx_6.15.0.202507011659\db\plugins\mcufinder\reactClient1\index.html
2026-01-26 19:52:33,727 [INFO] WebApp:191 - Connection restablished
2026-01-26 19:52:34,758 [WARN] PackLoader:240 - Cannot read IP mode file for STMicroelectronics.FP-SNS-MOTENVWB1.1.4.0
2026-01-26 19:52:34,769 [WARN] PackLoader:240 - Cannot read IP mode file for STMicroelectronics.FP-ATR-ASTRA1.2.0.2
2026-01-26 19:52:34,779 [WARN] PackLoader:240 - Cannot read IP mode file for STMicroelectronics.X-CUBE-SMBUS.2.1.0
2026-01-26 19:52:34,819 [WARN] PackLoader:240 - Cannot read IP mode file for STMicroelectronics.X-CUBE-AZRTOS-F7.1.1.0
2026-01-26 19:52:34,831 [WARN] PackLoader:240 - Cannot read IP mode file for Cesanta.I-CUBE-Mongoose.7.19.0
2026-01-26 19:52:34,837 [WARN] PackLoader:240 - Cannot read IP mode file for STMicroelectronics.FP-SNS-MOTENV1.5.1.0
2026-01-26 19:52:34,849 [WARN] PackLoader:240 - Cannot read IP mode file for WES.I-CUBE-Cesium.1.4.0
2026-01-26 19:52:34,880 [WARN] PackLoader:240 - Cannot read IP mode file for Infineon.AIROC-Wi-Fi-Bluetooth-STM32.1.7.1
2026-01-26 19:52:34,939 [WARN] PackLoader:240 - Cannot read IP mode file for STMicroelectronics.X-CUBE-AZRTOS-H7.3.4.0
2026-01-26 19:52:34,955 [WARN] PackLoader:240 - Cannot read IP mode file for STMicroelectronics.X-CUBE-DISPLAY.3.0.0
2026-01-26 19:52:34,973 [WARN] PackLoader:240 - Cannot read IP mode file for STMicroelectronics.X-CUBE-NFC10.1.0.0
2026-01-26 19:52:34,983 [WARN] PackLoader:240 - Cannot read IP mode file for STMicroelectronics.X-CUBE-ST60.1.1.0
2026-01-26 19:52:34,993 [WARN] PackLoader:240 - Cannot read IP mode file for emotas.I-CUBE-CANOPEN.1.3.0
2026-01-26 19:52:35,002 [WARN] PackLoader:240 - Cannot read IP mode file for STMicroelectronics.X-CUBE-GNSS1.7.1.0
2026-01-26 19:52:35,013 [WARN] PackLoader:240 - Cannot read IP mode file for STMicroelectronics.FP-SNS-STBOX1.2.1.0
2026-01-26 19:52:35,023 [WARN] PackLoader:240 - Cannot read IP mode file for STMicroelectronics.FP-SNS-SMARTAG2.1.2.0
2026-01-26 19:52:35,028 [WARN] PackLoader:240 - Cannot read IP mode file for STMicroelectronics.FP-SNS-FLIGHT1.5.1.0
2026-01-26 19:52:35,041 [INFO] LogOutputStream:77 - [STDOUT_REDIRECT] 1 : Invalid condition id : UX_CORESTACK_Condition cause : null
2026-01-26 19:52:35,042 [INFO] LogOutputStream:77 - [STDOUT_REDIRECT] 1 : Invalid condition id : UX_CORESTACK_Condition cause : null
2026-01-26 19:52:35,043 [INFO] LogOutputStream:77 - [STDOUT_REDIRECT] 1 : Invalid condition id : UX_CORESTACK_Condition cause : null
2026-01-26 19:52:35,044 [INFO] LogOutputStream:77 - [STDOUT_REDIRECT] 1 : Invalid condition id : UX_CORESTACK_Condition cause : null
2026-01-26 19:52:35,045 [INFO] LogOutputStream:77 - [STDOUT_REDIRECT] 1 : Invalid condition id : UX_CORESTACK_Condition cause : null
2026-01-26 19:52:35,049 [WARN] PackLoader:240 - Cannot read IP mode file for STMicroelectronics.X-CUBE-AZRTOS-WL.2.0.0
2026-01-26 19:52:35,074 [WARN] PackLoader:240 - Cannot read IP mode file for STMicroelectronics.X-CUBE-AZRTOS-H7RS.1.2.0
2026-01-26 19:52:35,086 [WARN] PackLoader:240 - Cannot read IP mode file for STMicroelectronics.X-CUBE-BLE2.3.3.0
2026-01-26 19:52:35,115 [WARN] PackLoader:240 - Cannot read IP mode file for STMicroelectronics.X-CUBE-NFC9.1.0.0
2026-01-26 19:52:35,123 [WARN] PackLoader:240 - Cannot read IP mode file for wolfSSL.I-CUBE-wolfSSL.5.8.2
2026-01-26 19:52:35,130 [WARN] PackLoader:240 - Cannot read IP mode file for STMicroelectronics.X-CUBE-BLE1.7.1.0
2026-01-26 19:52:35,138 [WARN] PackLoader:240 - Cannot read IP mode file for wolfSSL.I-CUBE-wolfMQTT.1.19.2
2026-01-26 19:52:35,146 [WARN] PackLoader:240 - Cannot read IP mode file for STMicroelectronics.X-CUBE-FREERTOS.1.4.0
2026-01-26 19:52:35,155 [WARN] PackLoader:240 - Cannot read IP mode file for STMicroelectronics.X-CUBE-EEPRMA1.5.2.0
2026-01-26 19:52:35,165 [WARN] PackLoader:240 - Cannot read IP mode file for STMicroelectronics.X-CUBE-ST67W61.1.1.0
2026-01-26 19:52:35,214 [WARN] PackLoader:240 - Cannot read IP mode file for STMicroelectronics.X-CUBE-MEMS1.12.0.0
2026-01-26 19:52:35,360 [WARN] PackLoader:240 - Cannot read IP mode file for STMicroelectronics.X-CUBE-AZRTOS-G0.1.1.0
2026-01-26 19:52:35,375 [WARN] PackLoader:240 - Cannot read IP mode file for STMicroelectronics.X-CUBE-NFC4.3.0.0
2026-01-26 19:52:35,449 [WARN] PackLoader:240 - Cannot read IP mode file for EmbeddedOffice.I-CUBE-FS-RTOS.1.0.1
2026-01-26 19:52:35,460 [WARN] PackLoader:240 - Cannot read IP mode file for STMicroelectronics.X-CUBE-WB05N.2.0.0
2026-01-26 19:52:35,469 [WARN] PackLoader:240 - Cannot read IP mode file for wolfSSL.I-CUBE-wolfTPM.3.8.0
2026-01-26 19:52:35,478 [WARN] PackLoader:240 - Cannot read IP mode file for STMicroelectronics.X-CUBE-TCPP.4.2.0
2026-01-26 19:52:35,490 [WARN] PackLoader:240 - Cannot read IP mode file for RealThread.X-CUBE-RT-Thread_Nano.4.1.1
2026-01-26 19:52:35,501 [WARN] PackLoader:240 - Cannot read IP mode file for STMicroelectronics.FP-ATR-SIGFOX1.3.2.0
2026-01-26 19:52:35,509 [WARN] PackLoader:240 - Cannot read IP mode file for ITTIA_DB.I-CUBE-ITTIADB.8.9.0
2026-01-26 19:52:35,518 [WARN] PackLoader:240 - Cannot read IP mode file for STMicroelectronics.X-CUBE-NFC6.3.2.0
2026-01-26 19:52:35,527 [WARN] PackLoader:240 - Cannot read IP mode file for STMicroelectronics.X-CUBE-AI.10.2.0
2026-01-26 19:52:35,557 [WARN] PackLoader:240 - Cannot read IP mode file for SEGGER.I-CUBE-embOS.1.3.1
2026-01-26 19:52:35,595 [WARN] PackLoader:240 - Cannot read IP mode file for STMicroelectronics.X-CUBE-ALGOBUILD.1.4.0
2026-01-26 19:52:35,645 [WARN] PackLoader:240 - Cannot read IP mode file for STMicroelectronics.X-CUBE-MEMS1.11.3.0
2026-01-26 19:52:35,756 [WARN] PackLoader:240 - Cannot read IP mode file for STMicroelectronics.X-CUBE-PM33A1.1.0.0
2026-01-26 19:52:35,775 [WARN] PackLoader:240 - Cannot read IP mode file for STMicroelectronics.X-CUBE-AZRTOS-F4.1.1.0
2026-01-26 19:52:35,784 [WARN] PackLoader:240 - Cannot read IP mode file for STMicroelectronics.X-CUBE-ISPU.2.1.0
2026-01-26 19:52:35,797 [WARN] PackLoader:240 - Cannot read IP mode file for STMicroelectronics.X-CUBE-IPS.3.2.0
2026-01-26 19:52:35,808 [WARN] PackLoader:240 - Cannot read IP mode file for STMicroelectronics.X-CUBE-NFC12.1.0.0
2026-01-26 19:52:35,833 [WARN] PackLoader:240 - Cannot read IP mode file for STMicroelectronics.X-CUBE-AZRTOS-L5.2.0.0
2026-01-26 19:52:35,842 [WARN] PackLoader:240 - Cannot read IP mode file for STMicroelectronics.X-CUBE-NFC6.3.1.0
2026-01-26 19:52:35,852 [WARN] PackLoader:240 - Cannot read IP mode file for STMicroelectronics.X-CUBE-FREERTOS.1.3.1
2026-01-26 19:52:35,858 [WARN] PackLoader:240 - Cannot read IP mode file for STMicroelectronics.X-CUBE-TOUCHGFX.4.26.0
2026-01-26 19:52:35,865 [WARN] PackLoader:240 - Cannot read IP mode file for STMicroelectronics.FP-SNS-STAIOTCFT.1.0.0
2026-01-26 19:52:35,871 [WARN] PackLoader:240 - Cannot read IP mode file for STMicroelectronics.X-CUBE-DPower.1.3.0
2026-01-26 19:52:35,885 [WARN] ConditionMgr:438 - getConditionDescription Invalid condition id : LAN8742 Phy interface Condition cause : null
2026-01-26 19:52:35,886 [WARN] PackLoader:240 - Cannot read IP mode file for STMicroelectronics.X-CUBE-AZRTOS-L4.2.0.0
2026-01-26 19:52:35,886 [WARN] ConditionMgr:1044 - genDependencies : Invalid condition id : LAN8742 Phy interface Condition cause : null
2026-01-26 19:52:35,887 [WARN] ConditionMgr:1044 - genDependencies : Invalid condition id : LAN8742 Phy interface Condition cause : null
2026-01-26 19:52:35,887 [WARN] ConditionMgr:1044 - genDependencies : Invalid condition id : LAN8742 Phy interface Condition cause : null
2026-01-26 19:52:35,893 [WARN] PackLoader:240 - Cannot read IP mode file for STMicroelectronics.X-CUBE-SFXS2LP1.4.0.0
2026-01-26 19:52:35,903 [WARN] PackLoader:240 - Cannot read IP mode file for STMicroelectronics.X-CUBE-ST67W61.1.2.0
2026-01-26 19:52:35,914 [WARN] PackLoader:240 - Cannot read IP mode file for STMicroelectronics.X-CUBE-BLEMGR.4.1.0
2026-01-26 19:52:35,933 [WARN] ConditionMgr:438 - getConditionDescription Invalid condition id : UX DEVICE CLASS RTOS Condition cause : null
2026-01-26 19:52:35,933 [WARN] ConditionMgr:438 - getConditionDescription Invalid condition id : UX DEVICE CLASS RTOS Condition cause : null
2026-01-26 19:52:35,935 [WARN] PackLoader:240 - Cannot read IP mode file for STMicroelectronics.X-CUBE-AZRTOS-WB.2.0.0
2026-01-26 19:52:35,936 [WARN] ConditionMgr:1044 - genDependencies : Invalid condition id : UX DEVICE CLASS RTOS Condition cause : null
2026-01-26 19:52:35,936 [WARN] ConditionMgr:1044 - genDependencies : Invalid condition id : UX DEVICE CLASS RTOS Condition cause : null
2026-01-26 19:52:35,937 [WARN] ConditionMgr:1044 - genDependencies : Invalid condition id : UX DEVICE CLASS RTOS Condition cause : null
2026-01-26 19:52:35,937 [WARN] ConditionMgr:1044 - genDependencies : Invalid condition id : UX DEVICE CLASS RTOS Condition cause : null
2026-01-26 19:52:35,937 [WARN] ConditionMgr:1044 - genDependencies : Invalid condition id : UX DEVICE CLASS RTOS Condition cause : null
2026-01-26 19:52:35,942 [WARN] ConditionMgr:438 - getConditionDescription Invalid condition id : Cortex-A Device cause : null
2026-01-26 19:52:35,953 [WARN] ConditionMgr:1044 - genDependencies : Invalid condition id : Cortex-A Device cause : null
2026-01-26 19:52:35,954 [WARN] ConditionMgr:1044 - genDependencies : Invalid condition id : Cortex-A Device cause : null
2026-01-26 19:52:35,954 [WARN] ConditionMgr:1044 - genDependencies : Invalid condition id : Cortex-A Device cause : null
2026-01-26 19:52:35,962 [WARN] PackLoader:240 - Cannot read IP mode file for STMicroelectronics.X-CUBE-STSE01.2.0.0
2026-01-26 19:52:35,975 [WARN] PackLoader:240 - Cannot read IP mode file for STMicroelectronics.X-CUBE-SUBG2.5.0.0
2026-01-26 19:52:35,995 [WARN] PackLoader:240 - Cannot read IP mode file for STMicroelectronics.X-CUBE-AZRTOS-H7RS.1.1.0
2026-01-26 19:52:36,012 [WARN] PackLoader:240 - Cannot read IP mode file for STMicroelectronics.X-CUBE-AZRTOS-G4.2.0.0
2026-01-26 19:52:36,020 [WARN] PackLoader:240 - Cannot read IP mode file for wolfSSL.I-CUBE-wolfSSH.1.4.20
2026-01-26 19:52:36,026 [WARN] PackLoader:240 - Cannot read IP mode file for STMicroelectronics.X-CUBE-NFC7.2.0.0
2026-01-26 19:52:36,032 [WARN] PackLoader:240 - Cannot read IP mode file for STMicroelectronics.X-CUBE-ALS.1.0.2
2026-01-26 19:52:36,038 [WARN] PackLoader:240 - Cannot read IP mode file for STMicroelectronics.X-CUBE-STSE01.1.0.0
2026-01-26 19:52:36,051 [WARN] PackLoader:240 - Cannot read IP mode file for STMicroelectronics.X-CUBE-TOF1.3.4.3
2026-01-26 19:52:36,060 [INFO] ThirdParty:978 - Integrity check success = true
2026-01-26 19:52:36,061 [INFO] IntegrityCheckThread:100 - exiting critical section [integrity check]
2026-01-26 19:52:36,061 [INFO] IntegrityCheckThread:103 - End integrity checks thread
2026-01-26 22:58:26,287 [ERROR] LogOutputStream:75 - [STDERR_REDIRECT] 
