2026-02-06 00:23:42,747 [ERROR] LogOutputStream:75 - [STDERR_REDIRECT] 
2026-02-06 09:21:10,566 [INFO] Activator:176 - 


2026-02-06 09:21:10,572 [INFO] Activator:177 - !SESSION log4j initialized
2026-02-06 09:21:18,611 [INFO] LogOutputStream:77 - [STDOUT_REDIRECT] 
2026-02-06 09:21:19,731 [INFO] ApplicationProperties:184 - Using Application install path: F:\stm32_1_9_0\STM32CubeIDE_1.19.0\STM32CubeIDE\plugins\com.st.stm32cube.common.mx_6.15.0.202507011659
2026-02-06 09:21:19,757 [INFO] DbMcusXml:78 - Set database path to: F:\stm32_1_9_0\STM32CubeIDE_1.19.0\STM32CubeIDE\plugins\com.st.stm32cube.common.mx_6.15.0.202507011659\\db\/mcu/
2026-02-06 09:21:19,757 [INFO] ApiDb:274 - Set plugin database path to: F:\stm32_1_9_0\STM32CubeIDE_1.19.0\STM32CubeIDE\plugins\com.st.stm32cube.common.mx_6.15.0.202507011659\\db\/plugins/boardmanager/
2026-02-06 09:21:19,758 [WARN] ApiDb:259 - Overriding images path with different value:  => F:\stm32_1_9_0\STM32CubeIDE_1.19.0\STM32CubeIDE\plugins\com.st.stm32cube.common.mx_6.15.0.202507011659\\db\/plugins/mcufinder/images/
2026-02-06 09:21:19,765 [INFO] ApiDb:250 - Set database path to: C:\Users\DELL\.stmcufinder\plugins\mcufinder//mcu/
2026-02-06 09:21:19,772 [INFO] DbMcusAds:125 - Set database path to: C:\Users\DELL\.stmcufinder\plugins\mcufinder//mcu/
2026-02-06 09:21:19,773 [INFO] CrossReferenceDbSqlite:203 - Set database path to: C:\Users\DELL\.stmcufinder\plugins\mcufinder//mcu/cs/
2026-02-06 09:21:19,926 [INFO] RulesReader:64 - Compatibility file has been processed (317 Rules)
2026-02-06 09:21:20,033 [INFO] DbMcusXml:78 - Set database path to: F:\stm32_1_9_0\STM32CubeIDE_1.19.0\STM32CubeIDE\plugins\com.st.stm32cube.common.mx_6.15.0.202507011659\\db\/mcu/
2026-02-06 09:21:20,033 [INFO] ApiDb:274 - Set plugin database path to: F:\stm32_1_9_0\STM32CubeIDE_1.19.0\STM32CubeIDE\plugins\com.st.stm32cube.common.mx_6.15.0.202507011659\\db\/plugins/boardmanager/
2026-02-06 09:21:20,033 [INFO] ApiDb:261 - Set plugin images path to: F:\stm32_1_9_0\STM32CubeIDE_1.19.0\STM32CubeIDE\plugins\com.st.stm32cube.common.mx_6.15.0.202507011659\\db\/plugins/mcufinder/images/
2026-02-06 09:21:20,033 [WARN] DbFile:41 - Overriding database path with different value: C:\Users\DELL\.stmcufinder\plugins\mcufinder/ => C:\Users\DELL\.stmcufinder\plugins\mcufinder
2026-02-06 09:21:20,033 [INFO] ApiDb:250 - Set database path to: C:\Users\DELL\.stmcufinder\plugins\mcufinder//mcu/
2026-02-06 09:21:20,033 [WARN] DbFile:41 - Overriding database path with different value: C:\Users\DELL\.stmcufinder\plugins\mcufinder/ => C:\Users\DELL\.stmcufinder\plugins\mcufinder
2026-02-06 09:21:20,033 [INFO] DbMcusAds:125 - Set database path to: C:\Users\DELL\.stmcufinder\plugins\mcufinder//mcu/
2026-02-06 09:21:20,033 [WARN] DbFile:41 - Overriding database path with different value: C:\Users\DELL\.stmcufinder\plugins\mcufinder/ => C:\Users\DELL\.stmcufinder\plugins\mcufinder
2026-02-06 09:21:20,033 [WARN] DbFile:41 - Overriding database path with different value: C:\Users\DELL\.stmcufinder\plugins\mcufinder/ => C:\Users\DELL\.stmcufinder\plugins\mcufinder
2026-02-06 09:21:20,033 [INFO] CrossReferenceDbSqlite:203 - Set database path to: C:\Users\DELL\.stmcufinder\plugins\mcufinder//mcu/cs/
2026-02-06 09:21:20,129 [INFO] MainPanel:274 - HeapMemory: 268435456
2026-02-06 09:21:20,296 [INFO] DbMcusXml:78 - Set database path to: F:\stm32_1_9_0\STM32CubeIDE_1.19.0\STM32CubeIDE\plugins\com.st.stm32cube.common.mx_6.15.0.202507011659\\db\/mcu/
2026-02-06 09:21:20,296 [INFO] ApiDb:274 - Set plugin database path to: F:\stm32_1_9_0\STM32CubeIDE_1.19.0\STM32CubeIDE\plugins\com.st.stm32cube.common.mx_6.15.0.202507011659\\db\/plugins/boardmanager/
2026-02-06 09:21:20,296 [INFO] ApiDb:261 - Set plugin images path to: F:\stm32_1_9_0\STM32CubeIDE_1.19.0\STM32CubeIDE\plugins\com.st.stm32cube.common.mx_6.15.0.202507011659\\db\/plugins/mcufinder/images/
2026-02-06 09:21:20,297 [WARN] DbFile:41 - Overriding database path with different value: C:\Users\DELL\.stmcufinder\plugins\mcufinder/ => C:\Users\DELL\.stmcufinder\plugins\mcufinder
2026-02-06 09:21:20,297 [INFO] ApiDb:250 - Set database path to: C:\Users\DELL\.stmcufinder\plugins\mcufinder//mcu/
2026-02-06 09:21:20,297 [WARN] DbFile:41 - Overriding database path with different value: C:\Users\DELL\.stmcufinder\plugins\mcufinder/ => C:\Users\DELL\.stmcufinder\plugins\mcufinder
2026-02-06 09:21:20,297 [INFO] DbMcusAds:125 - Set database path to: C:\Users\DELL\.stmcufinder\plugins\mcufinder//mcu/
2026-02-06 09:21:20,297 [WARN] DbFile:41 - Overriding database path with different value: C:\Users\DELL\.stmcufinder\plugins\mcufinder/ => C:\Users\DELL\.stmcufinder\plugins\mcufinder
2026-02-06 09:21:20,297 [WARN] DbFile:41 - Overriding database path with different value: C:\Users\DELL\.stmcufinder\plugins\mcufinder/ => C:\Users\DELL\.stmcufinder\plugins\mcufinder
2026-02-06 09:21:20,297 [INFO] CrossReferenceDbSqlite:203 - Set database path to: C:\Users\DELL\.stmcufinder\plugins\mcufinder//mcu/cs/
2026-02-06 09:21:20,320 [INFO] ApplicationProperties:184 - Using Application install path: F:\stm32_1_9_0\STM32CubeIDE_1.19.0\STM32CubeIDE\plugins\com.st.stm32cube.common.mx_6.15.0.202507011659
2026-02-06 09:21:20,320 [INFO] PluginManage:196 - Search for loadable plugins [exclusion list=, ]
2026-02-06 09:21:20,320 [INFO] PluginManage:310 - Check plugin analytics
2026-02-06 09:21:20,579 [INFO] AnalyticsPlugin:253 - Accepted Software Licenses: 
2026-02-06 09:21:20,581 [INFO] AnalyticsPlugin:255 - Accepted CMSIS Pack Licenses: 
2026-02-06 09:21:20,581 [INFO] AnalyticsPlugin:257 - Accepted Firmware Licenses: 
2026-02-06 09:21:20,587 [INFO] PluginManage:359 - Loaded plugin analytics (category:tool,tabindex:-1)
2026-02-06 09:21:20,588 [INFO] PluginManage:310 - Check plugin cadmodel
2026-02-06 09:21:20,596 [INFO] CADModel:105 - Init CAD model plugin
2026-02-06 09:21:20,596 [INFO] PluginManage:359 - Loaded plugin cadmodel (category:power,tabindex:5)
2026-02-06 09:21:20,596 [INFO] PluginManage:310 - Check plugin clock
2026-02-06 09:21:20,609 [INFO] PluginManage:359 - Loaded plugin clock (category:base,tabindex:2)
2026-02-06 09:21:20,609 [INFO] PluginManage:310 - Check plugin ddr
2026-02-06 09:21:20,614 [INFO] PluginManage:359 - Loaded plugin ddr (category:tool,tabindex:6)
2026-02-06 09:21:20,614 [INFO] PluginManage:310 - Check plugin filemanager
2026-02-06 09:21:20,790 [INFO] PluginManage:359 - Loaded plugin filemanager (category:base,tabindex:10)
2026-02-06 09:21:20,790 [INFO] PluginManage:310 - Check plugin ipmanager
2026-02-06 09:21:20,790 [INFO] PluginManage:359 - Loaded plugin ipmanager (category:base,tabindex:5)
2026-02-06 09:21:20,790 [INFO] PluginManage:310 - Check plugin lpbam
2026-02-06 09:21:20,806 [INFO] PluginManage:359 - Loaded plugin lpbam (category:base,tabindex:0)
2026-02-06 09:21:20,806 [INFO] PluginManage:310 - Check plugin memorymap
2026-02-06 09:21:20,823 [INFO] PluginManage:359 - Loaded plugin memorymap (category:base,tabindex:4)
2026-02-06 09:21:20,823 [INFO] PluginManage:310 - Check plugin pinoutandconfiguration
2026-02-06 09:21:20,839 [INFO] PluginManage:359 - Loaded plugin pinoutandconfiguration (category:base,tabindex:1)
2026-02-06 09:21:20,839 [INFO] PluginManage:310 - Check plugin pinoutconfig
2026-02-06 09:21:20,945 [WARN] SupportedApi:132 - Cannot load RTOS API schema: s4s-elt-must-match.1: The content of 'definitions' must match (annotation?, (simpleType | complexType)?, (unique | key | keyref)*)). A problem was found starting at: attribute.
2026-02-06 09:21:21,128 [INFO] PluginManage:359 - Loaded plugin pinoutconfig (category:base,tabindex:0)
2026-02-06 09:21:21,128 [INFO] PluginManage:310 - Check plugin power
2026-02-06 09:21:21,131 [INFO] PluginManage:359 - Loaded plugin power (category:power,tabindex:4)
2026-02-06 09:21:21,131 [INFO] PluginManage:310 - Check plugin projectmanager
2026-02-06 09:21:21,158 [INFO] PluginManage:359 - Loaded plugin projectmanager (category:projectmanager,tabindex:4)
2026-02-06 09:21:21,158 [INFO] PluginManage:310 - Check plugin rif
2026-02-06 09:21:21,170 [INFO] PluginManage:359 - Loaded plugin rif (category:base,tabindex:3)
2026-02-06 09:21:21,170 [INFO] PluginManage:310 - Check plugin thirdparty
2026-02-06 09:21:21,336 [INFO] PluginManage:359 - Loaded plugin thirdparty (category:base,tabindex:-1)
2026-02-06 09:21:21,336 [WARN] IntegrityCheckThread:84 - waiting for thirdparty lock release [integrity check]
2026-02-06 09:21:21,336 [INFO] PluginManage:310 - Check plugin tools
2026-02-06 09:21:21,336 [INFO] IntegrityCheckThread:86 - entering critical section [integrity check]
2026-02-06 09:21:21,337 [INFO] ThirdPartyUpdaterWithRetryManager:70 - Updater plugin not ready yet. [1/15]
2026-02-06 09:21:21,340 [INFO] PluginManage:359 - Loaded plugin tools (category:base,tabindex:7)
2026-02-06 09:21:21,340 [INFO] PluginManage:310 - Check plugin tutovideos
2026-02-06 09:21:21,639 [INFO] PluginManage:359 - Loaded plugin tutovideos (category:base,tabindex:-1)
2026-02-06 09:21:21,639 [INFO] PluginManage:310 - Check plugin updater
2026-02-06 09:21:21,667 [INFO] PluginManage:359 - Loaded plugin updater (category:base,tabindex:12)
2026-02-06 09:21:21,667 [INFO] PluginManage:310 - Check plugin userauth
2026-02-06 09:21:21,672 [INFO] UserAuth:118 - Init User Auth plugin
2026-02-06 09:21:21,673 [INFO] PluginManage:359 - Loaded plugin userauth (category:base,tabindex:14)
2026-02-06 09:21:21,673 [INFO] PluginManage:283 - PluginManage : Loaded plugins [18]
2026-02-06 09:21:21,934 [INFO] PinOutPanel:1589 - setPackage(No Configuration,No Configuration)
2026-02-06 09:21:22,037 [INFO] CADModel:165 - CPN selected for project level
2026-02-06 09:21:22,037 [INFO] CADModel:114 - Register for checkConnection events
2026-02-06 09:21:22,058 [INFO] IPUIPlugin:80 - create IPUIPlugin
2026-02-06 09:21:22,058 [INFO] PluginManager:220 - loadIPPluginJar : add adc
2026-02-06 09:21:22,063 [INFO] IPUIPlugin:80 - create IPUIPlugin
2026-02-06 09:21:22,063 [INFO] PluginManager:220 - loadIPPluginJar : add aes
2026-02-06 09:21:22,067 [INFO] IPUIPlugin:80 - create IPUIPlugin
2026-02-06 09:21:22,067 [INFO] PluginManager:220 - loadIPPluginJar : add can
2026-02-06 09:21:22,067 [INFO] IPUIPlugin:80 - create IPUIPlugin
2026-02-06 09:21:22,067 [INFO] PluginManager:220 - loadIPPluginJar : add comp
2026-02-06 09:21:22,067 [INFO] IPUIPlugin:80 - create IPUIPlugin
2026-02-06 09:21:22,067 [INFO] PluginManager:220 - loadIPPluginJar : add cryp
2026-02-06 09:21:22,079 [INFO] IPUIPlugin:80 - create IPUIPlugin
2026-02-06 09:21:22,079 [INFO] PluginManager:220 - loadIPPluginJar : add ddr_ctrl_phy
2026-02-06 09:21:22,079 [INFO] IPUIPlugin:80 - create IPUIPlugin
2026-02-06 09:21:22,079 [INFO] PluginManager:220 - loadIPPluginJar : add dfsdm
2026-02-06 09:21:22,079 [INFO] IPUIPlugin:80 - create IPUIPlugin
2026-02-06 09:21:22,079 [INFO] PluginManager:220 - loadIPPluginJar : add dma
2026-02-06 09:21:22,079 [INFO] IPUIPlugin:80 - create IPUIPlugin
2026-02-06 09:21:22,079 [INFO] PluginManager:220 - loadIPPluginJar : add dma3
2026-02-06 09:21:22,096 [INFO] IPUIPlugin:80 - create IPUIPlugin
2026-02-06 09:21:22,096 [INFO] PluginManager:220 - loadIPPluginJar : add extmemmanager
2026-02-06 09:21:22,096 [INFO] IPUIPlugin:80 - create IPUIPlugin
2026-02-06 09:21:22,096 [INFO] PluginManager:220 - loadIPPluginJar : add fatfs
2026-02-06 09:21:22,096 [INFO] IPUIPlugin:80 - create IPUIPlugin
2026-02-06 09:21:22,096 [INFO] PluginManager:220 - loadIPPluginJar : add fmc
2026-02-06 09:21:22,114 [INFO] IPUIPlugin:80 - create IPUIPlugin
2026-02-06 09:21:22,114 [INFO] PluginManager:220 - loadIPPluginJar : add freertos
2026-02-06 09:21:22,116 [INFO] IPUIPlugin:80 - create IPUIPlugin
2026-02-06 09:21:22,116 [INFO] PluginManager:220 - loadIPPluginJar : add genericplugin
2026-02-06 09:21:22,119 [INFO] IPUIPlugin:80 - create IPUIPlugin
2026-02-06 09:21:22,119 [INFO] PluginManager:220 - loadIPPluginJar : add gfxmmu
2026-02-06 09:21:22,121 [INFO] IPUIPlugin:80 - create IPUIPlugin
2026-02-06 09:21:22,121 [INFO] PluginManager:220 - loadIPPluginJar : add gic
2026-02-06 09:21:22,127 [INFO] IPUIPlugin:80 - create IPUIPlugin
2026-02-06 09:21:22,127 [INFO] PluginManager:220 - loadIPPluginJar : add gpio
2026-02-06 09:21:22,127 [INFO] IPUIPlugin:80 - create IPUIPlugin
2026-02-06 09:21:22,127 [INFO] PluginManager:220 - loadIPPluginJar : add gtzc
2026-02-06 09:21:22,127 [INFO] IPUIPlugin:80 - create IPUIPlugin
2026-02-06 09:21:22,127 [INFO] PluginManager:220 - loadIPPluginJar : add hash
2026-02-06 09:21:22,127 [INFO] IPUIPlugin:80 - create IPUIPlugin
2026-02-06 09:21:22,127 [INFO] PluginManager:220 - loadIPPluginJar : add i2c
2026-02-06 09:21:22,144 [INFO] IPUIPlugin:80 - create IPUIPlugin
2026-02-06 09:21:22,144 [INFO] PluginManager:220 - loadIPPluginJar : add i2s
2026-02-06 09:21:22,144 [INFO] IPUIPlugin:80 - create IPUIPlugin
2026-02-06 09:21:22,144 [INFO] PluginManager:220 - loadIPPluginJar : add i3c
2026-02-06 09:21:22,144 [INFO] IPUIPlugin:80 - create IPUIPlugin
2026-02-06 09:21:22,144 [INFO] PluginManager:220 - loadIPPluginJar : add ipddr
2026-02-06 09:21:22,159 [INFO] IPUIPlugin:80 - create IPUIPlugin
2026-02-06 09:21:22,159 [INFO] PluginManager:220 - loadIPPluginJar : add linkedlist
2026-02-06 09:21:22,159 [INFO] IPUIPlugin:80 - create IPUIPlugin
2026-02-06 09:21:22,159 [INFO] PluginManager:220 - loadIPPluginJar : add lorawan
2026-02-06 09:21:22,159 [INFO] IPUIPlugin:80 - create IPUIPlugin
2026-02-06 09:21:22,159 [INFO] PluginManager:220 - loadIPPluginJar : add ltdc
2026-02-06 09:21:22,159 [INFO] IPUIPlugin:80 - create IPUIPlugin
2026-02-06 09:21:22,159 [INFO] PluginManager:220 - loadIPPluginJar : add mdma
2026-02-06 09:21:22,176 [INFO] IPUIPlugin:80 - create IPUIPlugin
2026-02-06 09:21:22,176 [INFO] PluginManager:220 - loadIPPluginJar : add nvic
2026-02-06 09:21:22,176 [INFO] IPUIPlugin:80 - create IPUIPlugin
2026-02-06 09:21:22,176 [INFO] PluginManager:220 - loadIPPluginJar : add opamp
2026-02-06 09:21:22,176 [INFO] IPUIPlugin:80 - create IPUIPlugin
2026-02-06 09:21:22,176 [INFO] PluginManager:220 - loadIPPluginJar : add openamp
2026-02-06 09:21:22,176 [INFO] IPUIPlugin:80 - create IPUIPlugin
2026-02-06 09:21:22,176 [INFO] PluginManager:220 - loadIPPluginJar : add pdm2pcm
2026-02-06 09:21:22,192 [INFO] IPUIPlugin:80 - create IPUIPlugin
2026-02-06 09:21:22,192 [INFO] PluginManager:220 - loadIPPluginJar : add plateformsettings
2026-02-06 09:21:22,202 [INFO] IPUIPlugin:80 - create IPUIPlugin
2026-02-06 09:21:22,202 [INFO] PluginManager:220 - loadIPPluginJar : add quadspi
2026-02-06 09:21:22,202 [INFO] IPUIPlugin:80 - create IPUIPlugin
2026-02-06 09:21:22,202 [INFO] PluginManager:220 - loadIPPluginJar : add radio
2026-02-06 09:21:22,207 [INFO] IPUIPlugin:80 - create IPUIPlugin
2026-02-06 09:21:22,207 [INFO] PluginManager:220 - loadIPPluginJar : add resmgrutility
2026-02-06 09:21:22,207 [INFO] IPUIPlugin:80 - create IPUIPlugin
2026-02-06 09:21:22,207 [INFO] PluginManager:220 - loadIPPluginJar : add sai
2026-02-06 09:21:22,207 [INFO] IPUIPlugin:80 - create IPUIPlugin
2026-02-06 09:21:22,207 [INFO] PluginManager:220 - loadIPPluginJar : add spi
2026-02-06 09:21:22,226 [INFO] IPUIPlugin:80 - create IPUIPlugin
2026-02-06 09:21:22,226 [INFO] PluginManager:220 - loadIPPluginJar : add stm32_wpan
2026-02-06 09:21:22,232 [INFO] IPUIPlugin:80 - create IPUIPlugin
2026-02-06 09:21:22,232 [INFO] PluginManager:220 - loadIPPluginJar : add tim
2026-02-06 09:21:22,232 [INFO] IPUIPlugin:80 - create IPUIPlugin
2026-02-06 09:21:22,232 [INFO] PluginManager:220 - loadIPPluginJar : add touchsensing
2026-02-06 09:21:22,240 [INFO] IPUIPlugin:80 - create IPUIPlugin
2026-02-06 09:21:22,240 [INFO] PluginManager:220 - loadIPPluginJar : add tracer_emb
2026-02-06 09:21:22,240 [INFO] IPUIPlugin:80 - create IPUIPlugin
2026-02-06 09:21:22,240 [INFO] PluginManager:220 - loadIPPluginJar : add ts
2026-02-06 09:21:22,240 [INFO] IPUIPlugin:80 - create IPUIPlugin
2026-02-06 09:21:22,240 [INFO] PluginManager:220 - loadIPPluginJar : add tsc
2026-02-06 09:21:22,240 [INFO] IPUIPlugin:80 - create IPUIPlugin
2026-02-06 09:21:22,240 [INFO] PluginManager:220 - loadIPPluginJar : add ucpd
2026-02-06 09:21:22,250 [INFO] IPUIPlugin:80 - create IPUIPlugin
2026-02-06 09:21:22,250 [INFO] PluginManager:220 - loadIPPluginJar : add usart
2026-02-06 09:21:22,255 [INFO] IPUIPlugin:80 - create IPUIPlugin
2026-02-06 09:21:22,255 [INFO] PluginManager:220 - loadIPPluginJar : add usbx
2026-02-06 09:21:22,400 [FATAL] Updater:351 - Updater called before beeing initialized
2026-02-06 09:21:22,429 [INFO] RulesReader:64 - Compatibility file has been processed (317 Rules)
2026-02-06 09:21:22,448 [INFO] RulesReader:64 - Compatibility file has been processed (317 Rules)
2026-02-06 09:21:22,456 [INFO] CADModel:165 - CPN selected for project level
2026-02-06 09:21:22,456 [INFO] CADModel:114 - Register for checkConnection events
2026-02-06 09:21:22,456 [FATAL] Updater:351 - Updater called before beeing initialized
2026-02-06 09:21:22,456 [ERROR] CADModel:125 - Updater not yet initialized, retry later 
2026-02-06 09:21:22,641 [FATAL] Updater:351 - Updater called before beeing initialized
2026-02-06 09:21:22,643 [INFO] CADModel:165 - CPN selected for project level
2026-02-06 09:21:22,643 [INFO] CADModel:114 - Register for checkConnection events
2026-02-06 09:21:22,643 [FATAL] Updater:351 - Updater called before beeing initialized
2026-02-06 09:21:22,643 [ERROR] CADModel:125 - Updater not yet initialized, retry later 
2026-02-06 09:21:22,648 [FATAL] Updater:351 - Updater called before beeing initialized
2026-02-06 09:21:22,770 [FATAL] Updater:351 - Updater called before beeing initialized
2026-02-06 09:21:22,775 [INFO] DbMcusAds:53 - JSON generation date=Thu Jan 08 22:57:51 ICT 2026 (1767887871456)
2026-02-06 09:21:22,776 [FATAL] Updater:351 - Updater called before beeing initialized
2026-02-06 09:21:22,827 [WARN] DetailPanel:346 - Failed to get advertising image, set to default
2026-02-06 09:21:22,913 [FATAL] Updater:351 - Updater called before beeing initialized
2026-02-06 09:21:22,916 [FATAL] Updater:351 - Updater called before beeing initialized
2026-02-06 09:21:22,916 [FATAL] Updater:351 - Updater called before beeing initialized
2026-02-06 09:21:22,916 [WARN] DetailPanel:346 - Failed to get advertising image, set to default
2026-02-06 09:21:22,916 [FATAL] Updater:351 - Updater called before beeing initialized
2026-02-06 09:21:22,966 [ERROR] Updater:1198 - MainUpdater not yet initialized. External WinMGr cannot be set.
2026-02-06 09:21:22,968 [INFO] Updater:1134 - Updater Version found : 6.15.0
2026-02-06 09:21:22,985 [INFO] ApplicationProperties:184 - Using Application install path: F:\stm32_1_9_0\STM32CubeIDE_1.19.0\STM32CubeIDE\plugins\com.st.stm32cube.common.mx_6.15.0.202507011659
2026-02-06 09:21:24,351 [INFO] ThirdPartyUpdaterWithRetryManager:70 - Updater plugin not ready yet. [2/15]
2026-02-06 09:21:24,611 [ERROR] LogOutputStream:75 - [STDERR_REDIRECT] Feb 06, 2026 9:21:24 AM java.util.prefs.WindowsPreferences <init>
2026-02-06 09:21:24,615 [ERROR] LogOutputStream:75 - [STDERR_REDIRECT] WARNING: Could not open/create prefs root node Software\JavaSoft\Prefs at root 0xffffffff80000002. Windows RegCreateKeyEx(...) returned error code 5.
2026-02-06 09:21:24,615 [ERROR] LogOutputStream:75 - [STDERR_REDIRECT] 
2026-02-06 09:21:24,921 [INFO] MainUpdater:2872 - connection check result : 10
2026-02-06 09:21:24,921 [INFO] MainUpdater:3604 - Updater definition file requires update
2026-02-06 09:21:24,921 [INFO] MainUpdater:289 - Updater Check For Update Now.
2026-02-06 09:21:24,921 [INFO] MicroXplorer:498 - Change Database Version : DB.6.0.150
2026-02-06 09:21:24,926 [INFO] McuFinderGlobals:63 - Set McuFinder mode to 2 (CubeIDE integrated)
2026-02-06 09:21:24,929 [INFO] UserAuth:171 - activating auth plugin
2026-02-06 09:21:24,932 [INFO] UserAuth:487 - Internet connection configuration mode: 1
2026-02-06 09:21:24,932 [INFO] ServerAccessManage:452 - Complete download http(s) 200
2026-02-06 09:21:24,934 [INFO] ServerAccessManage:509 - Download File updaters.zip
2026-02-06 09:21:24,963 [INFO] JxBrowserEngine:152 - Initiate JxBrowser Engine with user profile folder
2026-02-06 09:21:25,016 [INFO] FileExtend:248 - Unzip File : updaters.zip
2026-02-06 09:21:25,016 [INFO] FileExtend:263 - Standard Zip Deflate
2026-02-06 09:21:25,538 [INFO] ServerAccessManage:452 - Complete download http(s) 200
2026-02-06 09:21:25,538 [INFO] ServerAccessManage:509 - Download File PacksControlFlags.xml
2026-02-06 09:21:25,701 [INFO] ServerAccessManage:452 - Complete download http(s) 200
2026-02-06 09:21:25,702 [INFO] ServerAccessManage:509 - Download File cubemx.pidx
2026-02-06 09:21:25,839 [INFO] LoadServerUpdatesThread:375 - End of LoadServerUpdate Thread
2026-02-06 09:21:26,166 [INFO] CheckServerUpdateThread:120 - End of CheckServer Thread
2026-02-06 09:21:26,361 [INFO] WebApp:169 - Instantiating new browser for Auth
2026-02-06 09:21:27,420 [INFO] WebApp:463 - Apply proxy settings
2026-02-06 09:21:27,422 [INFO] WebApp:548 - Chromium requires no authentication
2026-02-06 09:21:27,438 [INFO] WebApp:491 - Direct internet connection detected
2026-02-06 09:21:27,488 [INFO] WebApp:900 - Register for checkConnection events
2026-02-06 09:21:27,488 [INFO] WebApp:463 - Apply proxy settings
2026-02-06 09:21:27,490 [INFO] WebApp:548 - Chromium requires no authentication
2026-02-06 09:21:27,490 [INFO] WebApp:491 - Direct internet connection detected
2026-02-06 09:21:27,756 [INFO] WebApp:191 - Connection restablished
2026-02-06 09:21:27,833 [WARN] PackLoader:240 - Cannot read IP mode file for STMicroelectronics.FP-SNS-MOTENVWB1.1.4.0
2026-02-06 09:21:27,868 [WARN] PackLoader:240 - Cannot read IP mode file for STMicroelectronics.FP-ATR-ASTRA1.2.0.2
2026-02-06 09:21:27,892 [WARN] PackLoader:240 - Cannot read IP mode file for STMicroelectronics.X-CUBE-SMBUS.2.1.0
2026-02-06 09:21:27,907 [INFO] WebApp:225 - Starting web application
2026-02-06 09:21:27,907 [INFO] WebApp:593 - Web application path used F:\stm32_1_9_0\STM32CubeIDE_1.19.0\STM32CubeIDE\plugins\com.st.stm32cube.common.mx_6.15.0.202507011659\db\plugins\mcufinder\reactClient1\index.html
2026-02-06 09:21:27,979 [WARN] PackLoader:240 - Cannot read IP mode file for STMicroelectronics.X-CUBE-AZRTOS-F7.1.1.0
2026-02-06 09:21:28,005 [WARN] PackLoader:240 - Cannot read IP mode file for Cesanta.I-CUBE-Mongoose.7.19.0
2026-02-06 09:21:28,076 [WARN] PackLoader:240 - Cannot read IP mode file for STMicroelectronics.FP-SNS-MOTENV1.5.1.0
2026-02-06 09:21:28,123 [WARN] PackLoader:240 - Cannot read IP mode file for WES.I-CUBE-Cesium.1.4.0
2026-02-06 09:21:28,182 [WARN] PackLoader:240 - Cannot read IP mode file for Infineon.AIROC-Wi-Fi-Bluetooth-STM32.1.7.1
2026-02-06 09:21:28,325 [WARN] PackLoader:240 - Cannot read IP mode file for STMicroelectronics.X-CUBE-AZRTOS-H7.3.4.0
2026-02-06 09:21:28,367 [WARN] PackLoader:240 - Cannot read IP mode file for STMicroelectronics.X-CUBE-DISPLAY.3.0.0
2026-02-06 09:21:28,412 [WARN] PackLoader:240 - Cannot read IP mode file for STMicroelectronics.X-CUBE-NFC10.1.0.0
2026-02-06 09:21:28,497 [WARN] PackLoader:240 - Cannot read IP mode file for STMicroelectronics.X-CUBE-ST60.1.1.0
2026-02-06 09:21:28,559 [WARN] PackLoader:240 - Cannot read IP mode file for emotas.I-CUBE-CANOPEN.1.3.0
2026-02-06 09:21:28,577 [WARN] PackLoader:240 - Cannot read IP mode file for STMicroelectronics.X-CUBE-GNSS1.7.1.0
2026-02-06 09:21:28,612 [WARN] PackLoader:240 - Cannot read IP mode file for STMicroelectronics.FP-SNS-STBOX1.2.1.0
2026-02-06 09:21:28,626 [WARN] PackLoader:240 - Cannot read IP mode file for STMicroelectronics.FP-SNS-SMARTAG2.1.2.0
2026-02-06 09:21:28,636 [WARN] PackLoader:240 - Cannot read IP mode file for STMicroelectronics.FP-SNS-FLIGHT1.5.1.0
2026-02-06 09:21:28,651 [INFO] LogOutputStream:77 - [STDOUT_REDIRECT] 1 : Invalid condition id : UX_CORESTACK_Condition cause : null
2026-02-06 09:21:28,652 [INFO] LogOutputStream:77 - [STDOUT_REDIRECT] 1 : Invalid condition id : UX_CORESTACK_Condition cause : null
2026-02-06 09:21:28,654 [INFO] LogOutputStream:77 - [STDOUT_REDIRECT] 1 : Invalid condition id : UX_CORESTACK_Condition cause : null
2026-02-06 09:21:28,658 [INFO] LogOutputStream:77 - [STDOUT_REDIRECT] 1 : Invalid condition id : UX_CORESTACK_Condition cause : null
2026-02-06 09:21:28,667 [INFO] LogOutputStream:77 - [STDOUT_REDIRECT] 1 : Invalid condition id : UX_CORESTACK_Condition cause : null
2026-02-06 09:21:28,674 [WARN] PackLoader:240 - Cannot read IP mode file for STMicroelectronics.X-CUBE-AZRTOS-WL.2.0.0
2026-02-06 09:21:28,706 [WARN] PackLoader:240 - Cannot read IP mode file for STMicroelectronics.X-CUBE-AZRTOS-H7RS.1.2.0
2026-02-06 09:21:28,724 [WARN] PackLoader:240 - Cannot read IP mode file for STMicroelectronics.X-CUBE-BLE2.3.3.0
2026-02-06 09:21:28,812 [WARN] PackLoader:240 - Cannot read IP mode file for STMicroelectronics.X-CUBE-NFC9.1.0.0
2026-02-06 09:21:28,846 [WARN] PackLoader:240 - Cannot read IP mode file for wolfSSL.I-CUBE-wolfSSL.5.8.2
2026-02-06 09:21:28,880 [WARN] PackLoader:240 - Cannot read IP mode file for STMicroelectronics.X-CUBE-BLE1.7.1.0
2026-02-06 09:21:28,909 [WARN] PackLoader:240 - Cannot read IP mode file for wolfSSL.I-CUBE-wolfMQTT.1.19.2
2026-02-06 09:21:28,922 [WARN] PackLoader:240 - Cannot read IP mode file for STMicroelectronics.X-CUBE-FREERTOS.1.4.0
2026-02-06 09:21:28,930 [WARN] PackLoader:240 - Cannot read IP mode file for STMicroelectronics.X-CUBE-EEPRMA1.5.2.0
2026-02-06 09:21:28,955 [WARN] PackLoader:240 - Cannot read IP mode file for STMicroelectronics.X-CUBE-ST67W61.1.1.0
2026-02-06 09:21:29,022 [WARN] PackLoader:240 - Cannot read IP mode file for STMicroelectronics.X-CUBE-MEMS1.12.0.0
2026-02-06 09:21:29,163 [WARN] PackLoader:240 - Cannot read IP mode file for STMicroelectronics.X-CUBE-AZRTOS-G0.1.1.0
2026-02-06 09:21:29,178 [WARN] PackLoader:240 - Cannot read IP mode file for STMicroelectronics.X-CUBE-NFC4.3.0.0
2026-02-06 09:21:29,209 [WARN] PackLoader:240 - Cannot read IP mode file for EmbeddedOffice.I-CUBE-FS-RTOS.1.0.1
2026-02-06 09:21:29,224 [WARN] PackLoader:240 - Cannot read IP mode file for STMicroelectronics.X-CUBE-WB05N.2.0.0
2026-02-06 09:21:29,234 [WARN] PackLoader:240 - Cannot read IP mode file for wolfSSL.I-CUBE-wolfTPM.3.8.0
2026-02-06 09:21:29,251 [WARN] PackLoader:240 - Cannot read IP mode file for STMicroelectronics.X-CUBE-TCPP.4.2.0
2026-02-06 09:21:29,259 [WARN] PackLoader:240 - Cannot read IP mode file for RealThread.X-CUBE-RT-Thread_Nano.4.1.1
2026-02-06 09:21:29,264 [WARN] PackLoader:240 - Cannot read IP mode file for STMicroelectronics.FP-ATR-SIGFOX1.3.2.0
2026-02-06 09:21:29,275 [WARN] PackLoader:240 - Cannot read IP mode file for ITTIA_DB.I-CUBE-ITTIADB.8.9.0
2026-02-06 09:21:29,288 [WARN] PackLoader:240 - Cannot read IP mode file for STMicroelectronics.X-CUBE-NFC6.3.2.0
2026-02-06 09:21:29,296 [WARN] PackLoader:240 - Cannot read IP mode file for STMicroelectronics.X-CUBE-AI.10.2.0
2026-02-06 09:21:29,328 [WARN] PackLoader:240 - Cannot read IP mode file for SEGGER.I-CUBE-embOS.1.3.1
2026-02-06 09:21:29,460 [WARN] PackLoader:240 - Cannot read IP mode file for STMicroelectronics.X-CUBE-ALGOBUILD.1.4.0
2026-02-06 09:21:29,516 [WARN] PackLoader:240 - Cannot read IP mode file for STMicroelectronics.X-CUBE-MEMS1.11.3.0
2026-02-06 09:21:29,653 [WARN] PackLoader:240 - Cannot read IP mode file for STMicroelectronics.X-CUBE-PM33A1.1.0.0
2026-02-06 09:21:29,669 [WARN] PackLoader:240 - Cannot read IP mode file for STMicroelectronics.X-CUBE-AZRTOS-F4.1.1.0
2026-02-06 09:21:29,684 [WARN] PackLoader:240 - Cannot read IP mode file for STMicroelectronics.X-CUBE-ISPU.2.1.0
2026-02-06 09:21:29,706 [WARN] PackLoader:240 - Cannot read IP mode file for STMicroelectronics.X-CUBE-IPS.3.2.0
2026-02-06 09:21:29,724 [WARN] PackLoader:240 - Cannot read IP mode file for STMicroelectronics.X-CUBE-NFC12.1.0.0
2026-02-06 09:21:29,756 [WARN] PackLoader:240 - Cannot read IP mode file for STMicroelectronics.X-CUBE-AZRTOS-L5.2.0.0
2026-02-06 09:21:29,770 [WARN] PackLoader:240 - Cannot read IP mode file for STMicroelectronics.X-CUBE-NFC6.3.1.0
2026-02-06 09:21:29,777 [WARN] PackLoader:240 - Cannot read IP mode file for STMicroelectronics.X-CUBE-FREERTOS.1.3.1
2026-02-06 09:21:29,789 [WARN] PackLoader:240 - Cannot read IP mode file for STMicroelectronics.X-CUBE-TOUCHGFX.4.26.0
2026-02-06 09:21:29,796 [WARN] PackLoader:240 - Cannot read IP mode file for STMicroelectronics.FP-SNS-STAIOTCFT.1.0.0
2026-02-06 09:21:29,808 [WARN] PackLoader:240 - Cannot read IP mode file for STMicroelectronics.X-CUBE-DPower.1.3.0
2026-02-06 09:21:29,833 [WARN] ConditionMgr:438 - getConditionDescription Invalid condition id : LAN8742 Phy interface Condition cause : null
2026-02-06 09:21:29,835 [WARN] PackLoader:240 - Cannot read IP mode file for STMicroelectronics.X-CUBE-AZRTOS-L4.2.0.0
2026-02-06 09:21:29,835 [WARN] ConditionMgr:1044 - genDependencies : Invalid condition id : LAN8742 Phy interface Condition cause : null
2026-02-06 09:21:29,835 [WARN] ConditionMgr:1044 - genDependencies : Invalid condition id : LAN8742 Phy interface Condition cause : null
2026-02-06 09:21:29,837 [WARN] ConditionMgr:1044 - genDependencies : Invalid condition id : LAN8742 Phy interface Condition cause : null
2026-02-06 09:21:29,845 [WARN] PackLoader:240 - Cannot read IP mode file for STMicroelectronics.X-CUBE-SFXS2LP1.4.0.0
2026-02-06 09:21:29,856 [WARN] PackLoader:240 - Cannot read IP mode file for STMicroelectronics.X-CUBE-ST67W61.1.2.0
2026-02-06 09:21:29,868 [WARN] PackLoader:240 - Cannot read IP mode file for STMicroelectronics.X-CUBE-BLEMGR.4.1.0
2026-02-06 09:21:29,890 [WARN] ConditionMgr:438 - getConditionDescription Invalid condition id : UX DEVICE CLASS RTOS Condition cause : null
2026-02-06 09:21:29,890 [WARN] ConditionMgr:438 - getConditionDescription Invalid condition id : UX DEVICE CLASS RTOS Condition cause : null
2026-02-06 09:21:29,892 [WARN] PackLoader:240 - Cannot read IP mode file for STMicroelectronics.X-CUBE-AZRTOS-WB.2.0.0
2026-02-06 09:21:29,893 [WARN] ConditionMgr:1044 - genDependencies : Invalid condition id : UX DEVICE CLASS RTOS Condition cause : null
2026-02-06 09:21:29,893 [WARN] ConditionMgr:1044 - genDependencies : Invalid condition id : UX DEVICE CLASS RTOS Condition cause : null
2026-02-06 09:21:29,893 [WARN] ConditionMgr:1044 - genDependencies : Invalid condition id : UX DEVICE CLASS RTOS Condition cause : null
2026-02-06 09:21:29,893 [WARN] ConditionMgr:1044 - genDependencies : Invalid condition id : UX DEVICE CLASS RTOS Condition cause : null
2026-02-06 09:21:29,893 [WARN] ConditionMgr:1044 - genDependencies : Invalid condition id : UX DEVICE CLASS RTOS Condition cause : null
2026-02-06 09:21:29,902 [WARN] ConditionMgr:438 - getConditionDescription Invalid condition id : Cortex-A Device cause : null
2026-02-06 09:21:29,910 [WARN] ConditionMgr:1044 - genDependencies : Invalid condition id : Cortex-A Device cause : null
2026-02-06 09:21:29,910 [WARN] ConditionMgr:1044 - genDependencies : Invalid condition id : Cortex-A Device cause : null
2026-02-06 09:21:29,910 [WARN] ConditionMgr:1044 - genDependencies : Invalid condition id : Cortex-A Device cause : null
2026-02-06 09:21:29,920 [WARN] PackLoader:240 - Cannot read IP mode file for STMicroelectronics.X-CUBE-STSE01.2.0.0
2026-02-06 09:21:29,934 [WARN] PackLoader:240 - Cannot read IP mode file for STMicroelectronics.X-CUBE-SUBG2.5.0.0
2026-02-06 09:21:29,959 [WARN] PackLoader:240 - Cannot read IP mode file for STMicroelectronics.X-CUBE-AZRTOS-H7RS.1.1.0
2026-02-06 09:21:29,967 [WARN] PackLoader:240 - Cannot read IP mode file for STMicroelectronics.X-CUBE-AZRTOS-G4.2.0.0
2026-02-06 09:21:29,985 [WARN] PackLoader:240 - Cannot read IP mode file for wolfSSL.I-CUBE-wolfSSH.1.4.20
2026-02-06 09:21:29,993 [WARN] PackLoader:240 - Cannot read IP mode file for STMicroelectronics.X-CUBE-NFC7.2.0.0
2026-02-06 09:21:30,004 [WARN] PackLoader:240 - Cannot read IP mode file for STMicroelectronics.X-CUBE-ALS.1.0.2
2026-02-06 09:21:30,017 [WARN] PackLoader:240 - Cannot read IP mode file for STMicroelectronics.X-CUBE-STSE01.1.0.0
2026-02-06 09:21:30,033 [WARN] PackLoader:240 - Cannot read IP mode file for STMicroelectronics.X-CUBE-TOF1.3.4.3
2026-02-06 09:21:30,046 [INFO] ThirdParty:978 - Integrity check success = true
2026-02-06 09:21:30,046 [INFO] IntegrityCheckThread:100 - exiting critical section [integrity check]
2026-02-06 09:21:30,047 [INFO] IntegrityCheckThread:103 - End integrity checks thread
2026-02-06 09:21:57,313 [INFO] WebApp:194 - Connection lost
2026-02-06 09:21:57,498 [INFO] WebApp:191 - Connection restablished
2026-02-06 10:51:11,719 [ERROR] LogOutputStream:75 - [STDERR_REDIRECT] 
