2025-11-25 14:38:31,847 [INFO] Activator:176 - 


2025-11-25 14:38:31,851 [INFO] Activator:177 - !SESSION log4j initialized
2025-11-25 14:38:37,020 [INFO] LogOutputStream:77 - [STDOUT_REDIRECT] 
2025-11-25 14:38:37,884 [INFO] ApplicationProperties:184 - Using Application install path: F:\stm32_1_9_0\STM32CubeIDE_1.19.0\STM32CubeIDE\plugins\com.st.stm32cube.common.mx_6.15.0.202507011659
2025-11-25 14:38:37,900 [INFO] DbMcusXml:78 - Set database path to: F:\stm32_1_9_0\STM32CubeIDE_1.19.0\STM32CubeIDE\plugins\com.st.stm32cube.common.mx_6.15.0.202507011659\\db\/mcu/
2025-11-25 14:38:37,900 [INFO] ApiDb:274 - Set plugin database path to: F:\stm32_1_9_0\STM32CubeIDE_1.19.0\STM32CubeIDE\plugins\com.st.stm32cube.common.mx_6.15.0.202507011659\\db\/plugins/boardmanager/
2025-11-25 14:38:37,901 [WARN] ApiDb:259 - Overriding images path with different value:  => F:\stm32_1_9_0\STM32CubeIDE_1.19.0\STM32CubeIDE\plugins\com.st.stm32cube.common.mx_6.15.0.202507011659\\db\/plugins/mcufinder/images/
2025-11-25 14:38:37,909 [INFO] ApiDb:250 - Set database path to: C:\Users\DELL\.stmcufinder\plugins\mcufinder//mcu/
2025-11-25 14:38:37,911 [INFO] DbMcusAds:125 - Set database path to: C:\Users\DELL\.stmcufinder\plugins\mcufinder//mcu/
2025-11-25 14:38:37,913 [INFO] CrossReferenceDbSqlite:203 - Set database path to: C:\Users\DELL\.stmcufinder\plugins\mcufinder//mcu/cs/
2025-11-25 14:38:38,031 [INFO] RulesReader:64 - Compatibility file has been processed (317 Rules)
2025-11-25 14:38:38,101 [INFO] DbMcusXml:78 - Set database path to: F:\stm32_1_9_0\STM32CubeIDE_1.19.0\STM32CubeIDE\plugins\com.st.stm32cube.common.mx_6.15.0.202507011659\\db\/mcu/
2025-11-25 14:38:38,101 [INFO] ApiDb:274 - Set plugin database path to: F:\stm32_1_9_0\STM32CubeIDE_1.19.0\STM32CubeIDE\plugins\com.st.stm32cube.common.mx_6.15.0.202507011659\\db\/plugins/boardmanager/
2025-11-25 14:38:38,101 [INFO] ApiDb:261 - Set plugin images path to: F:\stm32_1_9_0\STM32CubeIDE_1.19.0\STM32CubeIDE\plugins\com.st.stm32cube.common.mx_6.15.0.202507011659\\db\/plugins/mcufinder/images/
2025-11-25 14:38:38,101 [WARN] DbFile:41 - Overriding database path with different value: C:\Users\DELL\.stmcufinder\plugins\mcufinder/ => C:\Users\DELL\.stmcufinder\plugins\mcufinder
2025-11-25 14:38:38,101 [INFO] ApiDb:250 - Set database path to: C:\Users\DELL\.stmcufinder\plugins\mcufinder//mcu/
2025-11-25 14:38:38,101 [WARN] DbFile:41 - Overriding database path with different value: C:\Users\DELL\.stmcufinder\plugins\mcufinder/ => C:\Users\DELL\.stmcufinder\plugins\mcufinder
2025-11-25 14:38:38,101 [INFO] DbMcusAds:125 - Set database path to: C:\Users\DELL\.stmcufinder\plugins\mcufinder//mcu/
2025-11-25 14:38:38,101 [WARN] DbFile:41 - Overriding database path with different value: C:\Users\DELL\.stmcufinder\plugins\mcufinder/ => C:\Users\DELL\.stmcufinder\plugins\mcufinder
2025-11-25 14:38:38,101 [WARN] DbFile:41 - Overriding database path with different value: C:\Users\DELL\.stmcufinder\plugins\mcufinder/ => C:\Users\DELL\.stmcufinder\plugins\mcufinder
2025-11-25 14:38:38,101 [INFO] CrossReferenceDbSqlite:203 - Set database path to: C:\Users\DELL\.stmcufinder\plugins\mcufinder//mcu/cs/
2025-11-25 14:38:38,166 [INFO] MainPanel:274 - HeapMemory: 268435456
2025-11-25 14:38:38,278 [INFO] DbMcusXml:78 - Set database path to: F:\stm32_1_9_0\STM32CubeIDE_1.19.0\STM32CubeIDE\plugins\com.st.stm32cube.common.mx_6.15.0.202507011659\\db\/mcu/
2025-11-25 14:38:38,278 [INFO] ApiDb:274 - Set plugin database path to: F:\stm32_1_9_0\STM32CubeIDE_1.19.0\STM32CubeIDE\plugins\com.st.stm32cube.common.mx_6.15.0.202507011659\\db\/plugins/boardmanager/
2025-11-25 14:38:38,278 [INFO] ApiDb:261 - Set plugin images path to: F:\stm32_1_9_0\STM32CubeIDE_1.19.0\STM32CubeIDE\plugins\com.st.stm32cube.common.mx_6.15.0.202507011659\\db\/plugins/mcufinder/images/
2025-11-25 14:38:38,278 [WARN] DbFile:41 - Overriding database path with different value: C:\Users\DELL\.stmcufinder\plugins\mcufinder/ => C:\Users\DELL\.stmcufinder\plugins\mcufinder
2025-11-25 14:38:38,279 [INFO] ApiDb:250 - Set database path to: C:\Users\DELL\.stmcufinder\plugins\mcufinder//mcu/
2025-11-25 14:38:38,279 [WARN] DbFile:41 - Overriding database path with different value: C:\Users\DELL\.stmcufinder\plugins\mcufinder/ => C:\Users\DELL\.stmcufinder\plugins\mcufinder
2025-11-25 14:38:38,279 [INFO] DbMcusAds:125 - Set database path to: C:\Users\DELL\.stmcufinder\plugins\mcufinder//mcu/
2025-11-25 14:38:38,279 [WARN] DbFile:41 - Overriding database path with different value: C:\Users\DELL\.stmcufinder\plugins\mcufinder/ => C:\Users\DELL\.stmcufinder\plugins\mcufinder
2025-11-25 14:38:38,279 [WARN] DbFile:41 - Overriding database path with different value: C:\Users\DELL\.stmcufinder\plugins\mcufinder/ => C:\Users\DELL\.stmcufinder\plugins\mcufinder
2025-11-25 14:38:38,279 [INFO] CrossReferenceDbSqlite:203 - Set database path to: C:\Users\DELL\.stmcufinder\plugins\mcufinder//mcu/cs/
2025-11-25 14:38:38,294 [INFO] ApplicationProperties:184 - Using Application install path: F:\stm32_1_9_0\STM32CubeIDE_1.19.0\STM32CubeIDE\plugins\com.st.stm32cube.common.mx_6.15.0.202507011659
2025-11-25 14:38:38,296 [INFO] PluginManage:196 - Search for loadable plugins [exclusion list=, ]
2025-11-25 14:38:38,297 [INFO] PluginManage:310 - Check plugin analytics
2025-11-25 14:38:38,439 [INFO] AnalyticsPlugin:253 - Accepted Software Licenses: 
2025-11-25 14:38:38,439 [INFO] AnalyticsPlugin:255 - Accepted CMSIS Pack Licenses: 
2025-11-25 14:38:38,439 [INFO] AnalyticsPlugin:257 - Accepted Firmware Licenses: 
2025-11-25 14:38:38,441 [INFO] PluginManage:359 - Loaded plugin analytics (category:tool,tabindex:-1)
2025-11-25 14:38:38,442 [INFO] PluginManage:310 - Check plugin cadmodel
2025-11-25 14:38:38,449 [INFO] CADModel:105 - Init CAD model plugin
2025-11-25 14:38:38,449 [INFO] PluginManage:359 - Loaded plugin cadmodel (category:power,tabindex:5)
2025-11-25 14:38:38,449 [INFO] PluginManage:310 - Check plugin clock
2025-11-25 14:38:38,461 [INFO] PluginManage:359 - Loaded plugin clock (category:base,tabindex:2)
2025-11-25 14:38:38,461 [INFO] PluginManage:310 - Check plugin ddr
2025-11-25 14:38:38,464 [INFO] PluginManage:359 - Loaded plugin ddr (category:tool,tabindex:6)
2025-11-25 14:38:38,465 [INFO] PluginManage:310 - Check plugin filemanager
2025-11-25 14:38:38,600 [INFO] PluginManage:359 - Loaded plugin filemanager (category:base,tabindex:10)
2025-11-25 14:38:38,601 [INFO] PluginManage:310 - Check plugin ipmanager
2025-11-25 14:38:38,606 [INFO] PluginManage:359 - Loaded plugin ipmanager (category:base,tabindex:5)
2025-11-25 14:38:38,606 [INFO] PluginManage:310 - Check plugin lpbam
2025-11-25 14:38:38,615 [INFO] PluginManage:359 - Loaded plugin lpbam (category:base,tabindex:0)
2025-11-25 14:38:38,615 [INFO] PluginManage:310 - Check plugin memorymap
2025-11-25 14:38:38,633 [INFO] PluginManage:359 - Loaded plugin memorymap (category:base,tabindex:4)
2025-11-25 14:38:38,633 [INFO] PluginManage:310 - Check plugin pinoutandconfiguration
2025-11-25 14:38:38,644 [INFO] PluginManage:359 - Loaded plugin pinoutandconfiguration (category:base,tabindex:1)
2025-11-25 14:38:38,644 [INFO] PluginManage:310 - Check plugin pinoutconfig
2025-11-25 14:38:38,737 [WARN] SupportedApi:132 - Cannot load RTOS API schema: s4s-elt-must-match.1: The content of 'definitions' must match (annotation?, (simpleType | complexType)?, (unique | key | keyref)*)). A problem was found starting at: attribute.
2025-11-25 14:38:38,862 [INFO] PluginManage:359 - Loaded plugin pinoutconfig (category:base,tabindex:0)
2025-11-25 14:38:38,862 [INFO] PluginManage:310 - Check plugin power
2025-11-25 14:38:38,871 [INFO] PluginManage:359 - Loaded plugin power (category:power,tabindex:4)
2025-11-25 14:38:38,871 [INFO] PluginManage:310 - Check plugin projectmanager
2025-11-25 14:38:38,883 [INFO] PluginManage:359 - Loaded plugin projectmanager (category:projectmanager,tabindex:4)
2025-11-25 14:38:38,884 [INFO] PluginManage:310 - Check plugin rif
2025-11-25 14:38:38,896 [INFO] PluginManage:359 - Loaded plugin rif (category:base,tabindex:3)
2025-11-25 14:38:38,897 [INFO] PluginManage:310 - Check plugin thirdparty
2025-11-25 14:38:39,005 [INFO] PluginManage:359 - Loaded plugin thirdparty (category:base,tabindex:-1)
2025-11-25 14:38:39,005 [WARN] IntegrityCheckThread:84 - waiting for thirdparty lock release [integrity check]
2025-11-25 14:38:39,006 [INFO] PluginManage:310 - Check plugin tools
2025-11-25 14:38:39,006 [INFO] IntegrityCheckThread:86 - entering critical section [integrity check]
2025-11-25 14:38:39,006 [INFO] ThirdPartyUpdaterWithRetryManager:70 - Updater plugin not ready yet. [1/15]
2025-11-25 14:38:39,009 [INFO] PluginManage:359 - Loaded plugin tools (category:base,tabindex:7)
2025-11-25 14:38:39,009 [INFO] PluginManage:310 - Check plugin tutovideos
2025-11-25 14:38:39,292 [INFO] PluginManage:359 - Loaded plugin tutovideos (category:base,tabindex:-1)
2025-11-25 14:38:39,292 [INFO] PluginManage:310 - Check plugin updater
2025-11-25 14:38:39,315 [INFO] PluginManage:359 - Loaded plugin updater (category:base,tabindex:12)
2025-11-25 14:38:39,315 [INFO] PluginManage:310 - Check plugin userauth
2025-11-25 14:38:39,319 [INFO] UserAuth:118 - Init User Auth plugin
2025-11-25 14:38:39,319 [INFO] PluginManage:359 - Loaded plugin userauth (category:base,tabindex:14)
2025-11-25 14:38:39,319 [INFO] PluginManage:283 - PluginManage : Loaded plugins [18]
2025-11-25 14:38:39,500 [INFO] PinOutPanel:1589 - setPackage(No Configuration,No Configuration)
2025-11-25 14:38:39,568 [INFO] CADModel:165 - CPN selected for project level
2025-11-25 14:38:39,569 [INFO] CADModel:114 - Register for checkConnection events
2025-11-25 14:38:39,587 [INFO] IPUIPlugin:80 - create IPUIPlugin
2025-11-25 14:38:39,587 [INFO] PluginManager:220 - loadIPPluginJar : add adc
2025-11-25 14:38:39,590 [INFO] IPUIPlugin:80 - create IPUIPlugin
2025-11-25 14:38:39,590 [INFO] PluginManager:220 - loadIPPluginJar : add aes
2025-11-25 14:38:39,592 [INFO] IPUIPlugin:80 - create IPUIPlugin
2025-11-25 14:38:39,592 [INFO] PluginManager:220 - loadIPPluginJar : add can
2025-11-25 14:38:39,593 [INFO] IPUIPlugin:80 - create IPUIPlugin
2025-11-25 14:38:39,593 [INFO] PluginManager:220 - loadIPPluginJar : add comp
2025-11-25 14:38:39,596 [INFO] IPUIPlugin:80 - create IPUIPlugin
2025-11-25 14:38:39,596 [INFO] PluginManager:220 - loadIPPluginJar : add cryp
2025-11-25 14:38:39,599 [INFO] IPUIPlugin:80 - create IPUIPlugin
2025-11-25 14:38:39,599 [INFO] PluginManager:220 - loadIPPluginJar : add ddr_ctrl_phy
2025-11-25 14:38:39,601 [INFO] IPUIPlugin:80 - create IPUIPlugin
2025-11-25 14:38:39,601 [INFO] PluginManager:220 - loadIPPluginJar : add dfsdm
2025-11-25 14:38:39,607 [INFO] IPUIPlugin:80 - create IPUIPlugin
2025-11-25 14:38:39,608 [INFO] PluginManager:220 - loadIPPluginJar : add dma
2025-11-25 14:38:39,611 [INFO] IPUIPlugin:80 - create IPUIPlugin
2025-11-25 14:38:39,612 [INFO] PluginManager:220 - loadIPPluginJar : add dma3
2025-11-25 14:38:39,615 [INFO] IPUIPlugin:80 - create IPUIPlugin
2025-11-25 14:38:39,615 [INFO] PluginManager:220 - loadIPPluginJar : add extmemmanager
2025-11-25 14:38:39,615 [INFO] IPUIPlugin:80 - create IPUIPlugin
2025-11-25 14:38:39,615 [INFO] PluginManager:220 - loadIPPluginJar : add fatfs
2025-11-25 14:38:39,619 [INFO] IPUIPlugin:80 - create IPUIPlugin
2025-11-25 14:38:39,619 [INFO] PluginManager:220 - loadIPPluginJar : add fmc
2025-11-25 14:38:39,626 [INFO] IPUIPlugin:80 - create IPUIPlugin
2025-11-25 14:38:39,626 [INFO] PluginManager:220 - loadIPPluginJar : add freertos
2025-11-25 14:38:39,628 [INFO] IPUIPlugin:80 - create IPUIPlugin
2025-11-25 14:38:39,628 [INFO] PluginManager:220 - loadIPPluginJar : add genericplugin
2025-11-25 14:38:39,630 [INFO] IPUIPlugin:80 - create IPUIPlugin
2025-11-25 14:38:39,630 [INFO] PluginManager:220 - loadIPPluginJar : add gfxmmu
2025-11-25 14:38:39,634 [INFO] IPUIPlugin:80 - create IPUIPlugin
2025-11-25 14:38:39,634 [INFO] PluginManager:220 - loadIPPluginJar : add gic
2025-11-25 14:38:39,638 [INFO] IPUIPlugin:80 - create IPUIPlugin
2025-11-25 14:38:39,638 [INFO] PluginManager:220 - loadIPPluginJar : add gpio
2025-11-25 14:38:39,642 [INFO] IPUIPlugin:80 - create IPUIPlugin
2025-11-25 14:38:39,642 [INFO] PluginManager:220 - loadIPPluginJar : add gtzc
2025-11-25 14:38:39,643 [INFO] IPUIPlugin:80 - create IPUIPlugin
2025-11-25 14:38:39,643 [INFO] PluginManager:220 - loadIPPluginJar : add hash
2025-11-25 14:38:39,646 [INFO] IPUIPlugin:80 - create IPUIPlugin
2025-11-25 14:38:39,646 [INFO] PluginManager:220 - loadIPPluginJar : add i2c
2025-11-25 14:38:39,648 [INFO] IPUIPlugin:80 - create IPUIPlugin
2025-11-25 14:38:39,649 [INFO] PluginManager:220 - loadIPPluginJar : add i2s
2025-11-25 14:38:39,651 [INFO] IPUIPlugin:80 - create IPUIPlugin
2025-11-25 14:38:39,651 [INFO] PluginManager:220 - loadIPPluginJar : add i3c
2025-11-25 14:38:39,654 [INFO] IPUIPlugin:80 - create IPUIPlugin
2025-11-25 14:38:39,654 [INFO] PluginManager:220 - loadIPPluginJar : add ipddr
2025-11-25 14:38:39,661 [INFO] IPUIPlugin:80 - create IPUIPlugin
2025-11-25 14:38:39,661 [INFO] PluginManager:220 - loadIPPluginJar : add linkedlist
2025-11-25 14:38:39,665 [INFO] IPUIPlugin:80 - create IPUIPlugin
2025-11-25 14:38:39,665 [INFO] PluginManager:220 - loadIPPluginJar : add lorawan
2025-11-25 14:38:39,667 [INFO] IPUIPlugin:80 - create IPUIPlugin
2025-11-25 14:38:39,667 [INFO] PluginManager:220 - loadIPPluginJar : add ltdc
2025-11-25 14:38:39,674 [INFO] IPUIPlugin:80 - create IPUIPlugin
2025-11-25 14:38:39,674 [INFO] PluginManager:220 - loadIPPluginJar : add mdma
2025-11-25 14:38:39,681 [INFO] IPUIPlugin:80 - create IPUIPlugin
2025-11-25 14:38:39,681 [INFO] PluginManager:220 - loadIPPluginJar : add nvic
2025-11-25 14:38:39,687 [INFO] IPUIPlugin:80 - create IPUIPlugin
2025-11-25 14:38:39,687 [INFO] PluginManager:220 - loadIPPluginJar : add opamp
2025-11-25 14:38:39,690 [INFO] IPUIPlugin:80 - create IPUIPlugin
2025-11-25 14:38:39,690 [INFO] PluginManager:220 - loadIPPluginJar : add openamp
2025-11-25 14:38:39,694 [INFO] IPUIPlugin:80 - create IPUIPlugin
2025-11-25 14:38:39,694 [INFO] PluginManager:220 - loadIPPluginJar : add pdm2pcm
2025-11-25 14:38:39,700 [INFO] IPUIPlugin:80 - create IPUIPlugin
2025-11-25 14:38:39,704 [INFO] PluginManager:220 - loadIPPluginJar : add plateformsettings
2025-11-25 14:38:39,708 [INFO] IPUIPlugin:80 - create IPUIPlugin
2025-11-25 14:38:39,708 [INFO] PluginManager:220 - loadIPPluginJar : add quadspi
2025-11-25 14:38:39,711 [INFO] IPUIPlugin:80 - create IPUIPlugin
2025-11-25 14:38:39,712 [INFO] PluginManager:220 - loadIPPluginJar : add radio
2025-11-25 14:38:39,720 [INFO] IPUIPlugin:80 - create IPUIPlugin
2025-11-25 14:38:39,720 [INFO] PluginManager:220 - loadIPPluginJar : add resmgrutility
2025-11-25 14:38:39,724 [INFO] IPUIPlugin:80 - create IPUIPlugin
2025-11-25 14:38:39,725 [INFO] PluginManager:220 - loadIPPluginJar : add sai
2025-11-25 14:38:39,728 [INFO] IPUIPlugin:80 - create IPUIPlugin
2025-11-25 14:38:39,729 [INFO] PluginManager:220 - loadIPPluginJar : add spi
2025-11-25 14:38:39,737 [INFO] IPUIPlugin:80 - create IPUIPlugin
2025-11-25 14:38:39,737 [INFO] PluginManager:220 - loadIPPluginJar : add stm32_wpan
2025-11-25 14:38:39,742 [INFO] IPUIPlugin:80 - create IPUIPlugin
2025-11-25 14:38:39,743 [INFO] PluginManager:220 - loadIPPluginJar : add tim
2025-11-25 14:38:39,749 [INFO] IPUIPlugin:80 - create IPUIPlugin
2025-11-25 14:38:39,749 [INFO] PluginManager:220 - loadIPPluginJar : add touchsensing
2025-11-25 14:38:39,752 [INFO] IPUIPlugin:80 - create IPUIPlugin
2025-11-25 14:38:39,752 [INFO] PluginManager:220 - loadIPPluginJar : add tracer_emb
2025-11-25 14:38:39,755 [INFO] IPUIPlugin:80 - create IPUIPlugin
2025-11-25 14:38:39,755 [INFO] PluginManager:220 - loadIPPluginJar : add ts
2025-11-25 14:38:39,757 [INFO] IPUIPlugin:80 - create IPUIPlugin
2025-11-25 14:38:39,758 [INFO] PluginManager:220 - loadIPPluginJar : add tsc
2025-11-25 14:38:39,761 [INFO] IPUIPlugin:80 - create IPUIPlugin
2025-11-25 14:38:39,761 [INFO] PluginManager:220 - loadIPPluginJar : add ucpd
2025-11-25 14:38:39,766 [INFO] IPUIPlugin:80 - create IPUIPlugin
2025-11-25 14:38:39,766 [INFO] PluginManager:220 - loadIPPluginJar : add usart
2025-11-25 14:38:39,769 [INFO] IPUIPlugin:80 - create IPUIPlugin
2025-11-25 14:38:39,770 [INFO] PluginManager:220 - loadIPPluginJar : add usbx
2025-11-25 14:38:39,896 [FATAL] Updater:351 - Updater called before beeing initialized
2025-11-25 14:38:39,951 [INFO] RulesReader:64 - Compatibility file has been processed (317 Rules)
2025-11-25 14:38:39,961 [INFO] RulesReader:64 - Compatibility file has been processed (317 Rules)
2025-11-25 14:38:39,971 [INFO] CADModel:165 - CPN selected for project level
2025-11-25 14:38:39,971 [INFO] CADModel:114 - Register for checkConnection events
2025-11-25 14:38:39,971 [FATAL] Updater:351 - Updater called before beeing initialized
2025-11-25 14:38:39,971 [ERROR] CADModel:125 - Updater not yet initialized, retry later 
2025-11-25 14:38:40,105 [FATAL] Updater:351 - Updater called before beeing initialized
2025-11-25 14:38:40,107 [INFO] CADModel:165 - CPN selected for project level
2025-11-25 14:38:40,107 [INFO] CADModel:114 - Register for checkConnection events
2025-11-25 14:38:40,107 [FATAL] Updater:351 - Updater called before beeing initialized
2025-11-25 14:38:40,107 [ERROR] CADModel:125 - Updater not yet initialized, retry later 
2025-11-25 14:38:40,110 [FATAL] Updater:351 - Updater called before beeing initialized
2025-11-25 14:38:40,193 [FATAL] Updater:351 - Updater called before beeing initialized
2025-11-25 14:38:40,195 [INFO] DbMcusAds:53 - JSON generation date=Mon Nov 10 17:43:01 ICT 2025 (1762771381118)
2025-11-25 14:38:40,195 [FATAL] Updater:351 - Updater called before beeing initialized
2025-11-25 14:38:40,236 [WARN] DetailPanel:346 - Failed to get advertising image, set to default
2025-11-25 14:38:40,311 [FATAL] Updater:351 - Updater called before beeing initialized
2025-11-25 14:38:40,314 [FATAL] Updater:351 - Updater called before beeing initialized
2025-11-25 14:38:40,314 [FATAL] Updater:351 - Updater called before beeing initialized
2025-11-25 14:38:40,314 [WARN] DetailPanel:346 - Failed to get advertising image, set to default
2025-11-25 14:38:40,315 [FATAL] Updater:351 - Updater called before beeing initialized
2025-11-25 14:38:40,356 [ERROR] Updater:1198 - MainUpdater not yet initialized. External WinMGr cannot be set.
2025-11-25 14:38:40,358 [INFO] Updater:1134 - Updater Version found : 6.15.0
2025-11-25 14:38:40,377 [INFO] ApplicationProperties:184 - Using Application install path: F:\stm32_1_9_0\STM32CubeIDE_1.19.0\STM32CubeIDE\plugins\com.st.stm32cube.common.mx_6.15.0.202507011659
2025-11-25 14:38:41,952 [ERROR] LogOutputStream:75 - [STDERR_REDIRECT] Nov 25, 2025 2:38:41 PM java.util.prefs.WindowsPreferences <init>
2025-11-25 14:38:41,953 [ERROR] LogOutputStream:75 - [STDERR_REDIRECT] WARNING: Could not open/create prefs root node Software\JavaSoft\Prefs at root 0xffffffff80000002. Windows RegCreateKeyEx(...) returned error code 5.
2025-11-25 14:38:41,953 [ERROR] LogOutputStream:75 - [STDERR_REDIRECT] 
2025-11-25 14:38:42,008 [INFO] ThirdPartyUpdaterWithRetryManager:70 - Updater plugin not ready yet. [2/15]
2025-11-25 14:38:42,268 [INFO] MainUpdater:2872 - connection check result : 10
2025-11-25 14:38:42,268 [INFO] MainUpdater:289 - Updater Check For Update Now.
2025-11-25 14:38:42,269 [INFO] MicroXplorer:498 - Change Database Version : DB.6.0.150
2025-11-25 14:38:42,274 [INFO] McuFinderGlobals:63 - Set McuFinder mode to 2 (CubeIDE integrated)
2025-11-25 14:38:42,275 [INFO] UserAuth:171 - activating auth plugin
2025-11-25 14:38:42,277 [INFO] UserAuth:487 - Internet connection configuration mode: 1
2025-11-25 14:38:42,305 [INFO] JxBrowserEngine:152 - Initiate JxBrowser Engine with user profile folder
2025-11-25 14:38:42,440 [INFO] CheckServerUpdateThread:120 - End of CheckServer Thread
2025-11-25 14:38:43,967 [ERROR] LogOutputStream:75 - [STDERR_REDIRECT] 
2025-11-25 14:38:43,989 [ERROR] LogOutputStream:75 - [STDERR_REDIRECT] 
