2026-02-02 23:09:37,486 [INFO] Activator:176 - 


2026-02-02 23:09:37,490 [INFO] Activator:177 - !SESSION log4j initialized
2026-02-02 23:09:44,999 [INFO] LogOutputStream:77 - [STDOUT_REDIRECT] 
2026-02-02 23:09:46,321 [INFO] ApplicationProperties:184 - Using Application install path: F:\stm32_1_9_0\STM32CubeIDE_1.19.0\STM32CubeIDE\plugins\com.st.stm32cube.common.mx_6.15.0.202507011659
2026-02-02 23:09:46,357 [INFO] DbMcusXml:78 - Set database path to: F:\stm32_1_9_0\STM32CubeIDE_1.19.0\STM32CubeIDE\plugins\com.st.stm32cube.common.mx_6.15.0.202507011659\\db\/mcu/
2026-02-02 23:09:46,358 [INFO] ApiDb:274 - Set plugin database path to: F:\stm32_1_9_0\STM32CubeIDE_1.19.0\STM32CubeIDE\plugins\com.st.stm32cube.common.mx_6.15.0.202507011659\\db\/plugins/boardmanager/
2026-02-02 23:09:46,359 [WARN] ApiDb:259 - Overriding images path with different value:  => F:\stm32_1_9_0\STM32CubeIDE_1.19.0\STM32CubeIDE\plugins\com.st.stm32cube.common.mx_6.15.0.202507011659\\db\/plugins/mcufinder/images/
2026-02-02 23:09:46,377 [INFO] ApiDb:250 - Set database path to: C:\Users\DELL\.stmcufinder\plugins\mcufinder//mcu/
2026-02-02 23:09:46,380 [INFO] DbMcusAds:125 - Set database path to: C:\Users\DELL\.stmcufinder\plugins\mcufinder//mcu/
2026-02-02 23:09:46,385 [INFO] CrossReferenceDbSqlite:203 - Set database path to: C:\Users\DELL\.stmcufinder\plugins\mcufinder//mcu/cs/
2026-02-02 23:09:46,586 [INFO] RulesReader:64 - Compatibility file has been processed (317 Rules)
2026-02-02 23:09:46,703 [INFO] DbMcusXml:78 - Set database path to: F:\stm32_1_9_0\STM32CubeIDE_1.19.0\STM32CubeIDE\plugins\com.st.stm32cube.common.mx_6.15.0.202507011659\\db\/mcu/
2026-02-02 23:09:46,703 [INFO] ApiDb:274 - Set plugin database path to: F:\stm32_1_9_0\STM32CubeIDE_1.19.0\STM32CubeIDE\plugins\com.st.stm32cube.common.mx_6.15.0.202507011659\\db\/plugins/boardmanager/
2026-02-02 23:09:46,703 [INFO] ApiDb:261 - Set plugin images path to: F:\stm32_1_9_0\STM32CubeIDE_1.19.0\STM32CubeIDE\plugins\com.st.stm32cube.common.mx_6.15.0.202507011659\\db\/plugins/mcufinder/images/
2026-02-02 23:09:46,703 [WARN] DbFile:41 - Overriding database path with different value: C:\Users\DELL\.stmcufinder\plugins\mcufinder/ => C:\Users\DELL\.stmcufinder\plugins\mcufinder
2026-02-02 23:09:46,704 [INFO] ApiDb:250 - Set database path to: C:\Users\DELL\.stmcufinder\plugins\mcufinder//mcu/
2026-02-02 23:09:46,704 [WARN] DbFile:41 - Overriding database path with different value: C:\Users\DELL\.stmcufinder\plugins\mcufinder/ => C:\Users\DELL\.stmcufinder\plugins\mcufinder
2026-02-02 23:09:46,704 [INFO] DbMcusAds:125 - Set database path to: C:\Users\DELL\.stmcufinder\plugins\mcufinder//mcu/
2026-02-02 23:09:46,704 [WARN] DbFile:41 - Overriding database path with different value: C:\Users\DELL\.stmcufinder\plugins\mcufinder/ => C:\Users\DELL\.stmcufinder\plugins\mcufinder
2026-02-02 23:09:46,704 [WARN] DbFile:41 - Overriding database path with different value: C:\Users\DELL\.stmcufinder\plugins\mcufinder/ => C:\Users\DELL\.stmcufinder\plugins\mcufinder
2026-02-02 23:09:46,704 [INFO] CrossReferenceDbSqlite:203 - Set database path to: C:\Users\DELL\.stmcufinder\plugins\mcufinder//mcu/cs/
2026-02-02 23:09:46,821 [INFO] MainPanel:274 - HeapMemory: 268435456
2026-02-02 23:09:46,977 [INFO] DbMcusXml:78 - Set database path to: F:\stm32_1_9_0\STM32CubeIDE_1.19.0\STM32CubeIDE\plugins\com.st.stm32cube.common.mx_6.15.0.202507011659\\db\/mcu/
2026-02-02 23:09:46,977 [INFO] ApiDb:274 - Set plugin database path to: F:\stm32_1_9_0\STM32CubeIDE_1.19.0\STM32CubeIDE\plugins\com.st.stm32cube.common.mx_6.15.0.202507011659\\db\/plugins/boardmanager/
2026-02-02 23:09:46,977 [INFO] ApiDb:261 - Set plugin images path to: F:\stm32_1_9_0\STM32CubeIDE_1.19.0\STM32CubeIDE\plugins\com.st.stm32cube.common.mx_6.15.0.202507011659\\db\/plugins/mcufinder/images/
2026-02-02 23:09:46,977 [WARN] DbFile:41 - Overriding database path with different value: C:\Users\DELL\.stmcufinder\plugins\mcufinder/ => C:\Users\DELL\.stmcufinder\plugins\mcufinder
2026-02-02 23:09:46,978 [INFO] ApiDb:250 - Set database path to: C:\Users\DELL\.stmcufinder\plugins\mcufinder//mcu/
2026-02-02 23:09:46,978 [WARN] DbFile:41 - Overriding database path with different value: C:\Users\DELL\.stmcufinder\plugins\mcufinder/ => C:\Users\DELL\.stmcufinder\plugins\mcufinder
2026-02-02 23:09:46,978 [INFO] DbMcusAds:125 - Set database path to: C:\Users\DELL\.stmcufinder\plugins\mcufinder//mcu/
2026-02-02 23:09:46,978 [WARN] DbFile:41 - Overriding database path with different value: C:\Users\DELL\.stmcufinder\plugins\mcufinder/ => C:\Users\DELL\.stmcufinder\plugins\mcufinder
2026-02-02 23:09:46,978 [WARN] DbFile:41 - Overriding database path with different value: C:\Users\DELL\.stmcufinder\plugins\mcufinder/ => C:\Users\DELL\.stmcufinder\plugins\mcufinder
2026-02-02 23:09:46,978 [INFO] CrossReferenceDbSqlite:203 - Set database path to: C:\Users\DELL\.stmcufinder\plugins\mcufinder//mcu/cs/
2026-02-02 23:09:47,005 [INFO] ApplicationProperties:184 - Using Application install path: F:\stm32_1_9_0\STM32CubeIDE_1.19.0\STM32CubeIDE\plugins\com.st.stm32cube.common.mx_6.15.0.202507011659
2026-02-02 23:09:47,008 [INFO] PluginManage:196 - Search for loadable plugins [exclusion list=, ]
2026-02-02 23:09:47,010 [INFO] PluginManage:310 - Check plugin analytics
2026-02-02 23:09:47,284 [INFO] AnalyticsPlugin:253 - Accepted Software Licenses: 
2026-02-02 23:09:47,285 [INFO] AnalyticsPlugin:255 - Accepted CMSIS Pack Licenses: 
2026-02-02 23:09:47,285 [INFO] AnalyticsPlugin:257 - Accepted Firmware Licenses: 
2026-02-02 23:09:47,291 [INFO] PluginManage:359 - Loaded plugin analytics (category:tool,tabindex:-1)
2026-02-02 23:09:47,292 [INFO] PluginManage:310 - Check plugin cadmodel
2026-02-02 23:09:47,301 [INFO] CADModel:105 - Init CAD model plugin
2026-02-02 23:09:47,301 [INFO] PluginManage:359 - Loaded plugin cadmodel (category:power,tabindex:5)
2026-02-02 23:09:47,301 [INFO] PluginManage:310 - Check plugin clock
2026-02-02 23:09:47,318 [INFO] PluginManage:359 - Loaded plugin clock (category:base,tabindex:2)
2026-02-02 23:09:47,320 [INFO] PluginManage:310 - Check plugin ddr
2026-02-02 23:09:47,325 [INFO] PluginManage:359 - Loaded plugin ddr (category:tool,tabindex:6)
2026-02-02 23:09:47,325 [INFO] PluginManage:310 - Check plugin filemanager
2026-02-02 23:09:47,528 [INFO] PluginManage:359 - Loaded plugin filemanager (category:base,tabindex:10)
2026-02-02 23:09:47,529 [INFO] PluginManage:310 - Check plugin ipmanager
2026-02-02 23:09:47,539 [INFO] PluginManage:359 - Loaded plugin ipmanager (category:base,tabindex:5)
2026-02-02 23:09:47,539 [INFO] PluginManage:310 - Check plugin lpbam
2026-02-02 23:09:47,552 [INFO] PluginManage:359 - Loaded plugin lpbam (category:base,tabindex:0)
2026-02-02 23:09:47,552 [INFO] PluginManage:310 - Check plugin memorymap
2026-02-02 23:09:47,573 [INFO] PluginManage:359 - Loaded plugin memorymap (category:base,tabindex:4)
2026-02-02 23:09:47,573 [INFO] PluginManage:310 - Check plugin pinoutandconfiguration
2026-02-02 23:09:47,584 [INFO] PluginManage:359 - Loaded plugin pinoutandconfiguration (category:base,tabindex:1)
2026-02-02 23:09:47,584 [INFO] PluginManage:310 - Check plugin pinoutconfig
2026-02-02 23:09:47,705 [WARN] SupportedApi:132 - Cannot load RTOS API schema: s4s-elt-must-match.1: The content of 'definitions' must match (annotation?, (simpleType | complexType)?, (unique | key | keyref)*)). A problem was found starting at: attribute.
2026-02-02 23:09:47,913 [INFO] PluginManage:359 - Loaded plugin pinoutconfig (category:base,tabindex:0)
2026-02-02 23:09:47,913 [INFO] PluginManage:310 - Check plugin power
2026-02-02 23:09:47,929 [INFO] PluginManage:359 - Loaded plugin power (category:power,tabindex:4)
2026-02-02 23:09:47,929 [INFO] PluginManage:310 - Check plugin projectmanager
2026-02-02 23:09:47,949 [INFO] PluginManage:359 - Loaded plugin projectmanager (category:projectmanager,tabindex:4)
2026-02-02 23:09:47,950 [INFO] PluginManage:310 - Check plugin rif
2026-02-02 23:09:47,966 [INFO] PluginManage:359 - Loaded plugin rif (category:base,tabindex:3)
2026-02-02 23:09:47,966 [INFO] PluginManage:310 - Check plugin thirdparty
2026-02-02 23:09:48,165 [WARN] IntegrityCheckThread:84 - waiting for thirdparty lock release [integrity check]
2026-02-02 23:09:48,165 [INFO] PluginManage:359 - Loaded plugin thirdparty (category:base,tabindex:-1)
2026-02-02 23:09:48,165 [INFO] IntegrityCheckThread:86 - entering critical section [integrity check]
2026-02-02 23:09:48,166 [INFO] PluginManage:310 - Check plugin tools
2026-02-02 23:09:48,166 [INFO] ThirdPartyUpdaterWithRetryManager:70 - Updater plugin not ready yet. [1/15]
2026-02-02 23:09:48,169 [INFO] PluginManage:359 - Loaded plugin tools (category:base,tabindex:7)
2026-02-02 23:09:48,169 [INFO] PluginManage:310 - Check plugin tutovideos
2026-02-02 23:09:48,550 [INFO] PluginManage:359 - Loaded plugin tutovideos (category:base,tabindex:-1)
2026-02-02 23:09:48,551 [INFO] PluginManage:310 - Check plugin updater
2026-02-02 23:09:48,604 [INFO] PluginManage:359 - Loaded plugin updater (category:base,tabindex:12)
2026-02-02 23:09:48,604 [INFO] PluginManage:310 - Check plugin userauth
2026-02-02 23:09:48,611 [INFO] UserAuth:118 - Init User Auth plugin
2026-02-02 23:09:48,612 [INFO] PluginManage:359 - Loaded plugin userauth (category:base,tabindex:14)
2026-02-02 23:09:48,613 [INFO] PluginManage:283 - PluginManage : Loaded plugins [18]
2026-02-02 23:09:48,850 [INFO] PinOutPanel:1589 - setPackage(No Configuration,No Configuration)
2026-02-02 23:09:48,945 [INFO] CADModel:165 - CPN selected for project level
2026-02-02 23:09:48,945 [INFO] CADModel:114 - Register for checkConnection events
2026-02-02 23:09:48,965 [INFO] IPUIPlugin:80 - create IPUIPlugin
2026-02-02 23:09:48,966 [INFO] PluginManager:220 - loadIPPluginJar : add adc
2026-02-02 23:09:48,969 [INFO] IPUIPlugin:80 - create IPUIPlugin
2026-02-02 23:09:48,970 [INFO] PluginManager:220 - loadIPPluginJar : add aes
2026-02-02 23:09:48,973 [INFO] IPUIPlugin:80 - create IPUIPlugin
2026-02-02 23:09:48,973 [INFO] PluginManager:220 - loadIPPluginJar : add can
2026-02-02 23:09:48,975 [INFO] IPUIPlugin:80 - create IPUIPlugin
2026-02-02 23:09:48,975 [INFO] PluginManager:220 - loadIPPluginJar : add comp
2026-02-02 23:09:48,979 [INFO] IPUIPlugin:80 - create IPUIPlugin
2026-02-02 23:09:48,979 [INFO] PluginManager:220 - loadIPPluginJar : add cryp
2026-02-02 23:09:48,985 [INFO] IPUIPlugin:80 - create IPUIPlugin
2026-02-02 23:09:48,985 [INFO] PluginManager:220 - loadIPPluginJar : add ddr_ctrl_phy
2026-02-02 23:09:48,988 [INFO] IPUIPlugin:80 - create IPUIPlugin
2026-02-02 23:09:48,988 [INFO] PluginManager:220 - loadIPPluginJar : add dfsdm
2026-02-02 23:09:48,996 [INFO] IPUIPlugin:80 - create IPUIPlugin
2026-02-02 23:09:48,996 [INFO] PluginManager:220 - loadIPPluginJar : add dma
2026-02-02 23:09:49,001 [INFO] IPUIPlugin:80 - create IPUIPlugin
2026-02-02 23:09:49,001 [INFO] PluginManager:220 - loadIPPluginJar : add dma3
2026-02-02 23:09:49,006 [INFO] IPUIPlugin:80 - create IPUIPlugin
2026-02-02 23:09:49,006 [INFO] PluginManager:220 - loadIPPluginJar : add extmemmanager
2026-02-02 23:09:49,008 [INFO] IPUIPlugin:80 - create IPUIPlugin
2026-02-02 23:09:49,008 [INFO] PluginManager:220 - loadIPPluginJar : add fatfs
2026-02-02 23:09:49,013 [INFO] IPUIPlugin:80 - create IPUIPlugin
2026-02-02 23:09:49,013 [INFO] PluginManager:220 - loadIPPluginJar : add fmc
2026-02-02 23:09:49,024 [INFO] IPUIPlugin:80 - create IPUIPlugin
2026-02-02 23:09:49,025 [INFO] PluginManager:220 - loadIPPluginJar : add freertos
2026-02-02 23:09:49,028 [INFO] IPUIPlugin:80 - create IPUIPlugin
2026-02-02 23:09:49,028 [INFO] PluginManager:220 - loadIPPluginJar : add genericplugin
2026-02-02 23:09:49,032 [INFO] IPUIPlugin:80 - create IPUIPlugin
2026-02-02 23:09:49,032 [INFO] PluginManager:220 - loadIPPluginJar : add gfxmmu
2026-02-02 23:09:49,039 [INFO] IPUIPlugin:80 - create IPUIPlugin
2026-02-02 23:09:49,039 [INFO] PluginManager:220 - loadIPPluginJar : add gic
2026-02-02 23:09:49,045 [INFO] IPUIPlugin:80 - create IPUIPlugin
2026-02-02 23:09:49,046 [INFO] PluginManager:220 - loadIPPluginJar : add gpio
2026-02-02 23:09:49,051 [INFO] IPUIPlugin:80 - create IPUIPlugin
2026-02-02 23:09:49,051 [INFO] PluginManager:220 - loadIPPluginJar : add gtzc
2026-02-02 23:09:49,055 [INFO] IPUIPlugin:80 - create IPUIPlugin
2026-02-02 23:09:49,055 [INFO] PluginManager:220 - loadIPPluginJar : add hash
2026-02-02 23:09:49,059 [INFO] IPUIPlugin:80 - create IPUIPlugin
2026-02-02 23:09:49,059 [INFO] PluginManager:220 - loadIPPluginJar : add i2c
2026-02-02 23:09:49,063 [INFO] IPUIPlugin:80 - create IPUIPlugin
2026-02-02 23:09:49,063 [INFO] PluginManager:220 - loadIPPluginJar : add i2s
2026-02-02 23:09:49,066 [INFO] IPUIPlugin:80 - create IPUIPlugin
2026-02-02 23:09:49,066 [INFO] PluginManager:220 - loadIPPluginJar : add i3c
2026-02-02 23:09:49,072 [INFO] IPUIPlugin:80 - create IPUIPlugin
2026-02-02 23:09:49,072 [INFO] PluginManager:220 - loadIPPluginJar : add ipddr
2026-02-02 23:09:49,081 [INFO] IPUIPlugin:80 - create IPUIPlugin
2026-02-02 23:09:49,081 [INFO] PluginManager:220 - loadIPPluginJar : add linkedlist
2026-02-02 23:09:49,085 [INFO] IPUIPlugin:80 - create IPUIPlugin
2026-02-02 23:09:49,085 [INFO] PluginManager:220 - loadIPPluginJar : add lorawan
2026-02-02 23:09:49,086 [INFO] IPUIPlugin:80 - create IPUIPlugin
2026-02-02 23:09:49,086 [INFO] PluginManager:220 - loadIPPluginJar : add ltdc
2026-02-02 23:09:49,095 [INFO] IPUIPlugin:80 - create IPUIPlugin
2026-02-02 23:09:49,095 [INFO] PluginManager:220 - loadIPPluginJar : add mdma
2026-02-02 23:09:49,102 [INFO] IPUIPlugin:80 - create IPUIPlugin
2026-02-02 23:09:49,102 [INFO] PluginManager:220 - loadIPPluginJar : add nvic
2026-02-02 23:09:49,109 [INFO] IPUIPlugin:80 - create IPUIPlugin
2026-02-02 23:09:49,109 [INFO] PluginManager:220 - loadIPPluginJar : add opamp
2026-02-02 23:09:49,114 [INFO] IPUIPlugin:80 - create IPUIPlugin
2026-02-02 23:09:49,114 [INFO] PluginManager:220 - loadIPPluginJar : add openamp
2026-02-02 23:09:49,120 [INFO] IPUIPlugin:80 - create IPUIPlugin
2026-02-02 23:09:49,121 [INFO] PluginManager:220 - loadIPPluginJar : add pdm2pcm
2026-02-02 23:09:49,130 [INFO] IPUIPlugin:80 - create IPUIPlugin
2026-02-02 23:09:49,133 [INFO] PluginManager:220 - loadIPPluginJar : add plateformsettings
2026-02-02 23:09:49,136 [INFO] IPUIPlugin:80 - create IPUIPlugin
2026-02-02 23:09:49,136 [INFO] PluginManager:220 - loadIPPluginJar : add quadspi
2026-02-02 23:09:49,138 [INFO] IPUIPlugin:80 - create IPUIPlugin
2026-02-02 23:09:49,139 [INFO] PluginManager:220 - loadIPPluginJar : add radio
2026-02-02 23:09:49,144 [INFO] IPUIPlugin:80 - create IPUIPlugin
2026-02-02 23:09:49,144 [INFO] PluginManager:220 - loadIPPluginJar : add resmgrutility
2026-02-02 23:09:49,148 [INFO] IPUIPlugin:80 - create IPUIPlugin
2026-02-02 23:09:49,149 [INFO] PluginManager:220 - loadIPPluginJar : add sai
2026-02-02 23:09:49,152 [INFO] IPUIPlugin:80 - create IPUIPlugin
2026-02-02 23:09:49,153 [INFO] PluginManager:220 - loadIPPluginJar : add spi
2026-02-02 23:09:49,163 [INFO] IPUIPlugin:80 - create IPUIPlugin
2026-02-02 23:09:49,163 [INFO] PluginManager:220 - loadIPPluginJar : add stm32_wpan
2026-02-02 23:09:49,166 [INFO] IPUIPlugin:80 - create IPUIPlugin
2026-02-02 23:09:49,166 [INFO] PluginManager:220 - loadIPPluginJar : add tim
2026-02-02 23:09:49,171 [INFO] IPUIPlugin:80 - create IPUIPlugin
2026-02-02 23:09:49,171 [INFO] PluginManager:220 - loadIPPluginJar : add touchsensing
2026-02-02 23:09:49,174 [INFO] IPUIPlugin:80 - create IPUIPlugin
2026-02-02 23:09:49,174 [INFO] PluginManager:220 - loadIPPluginJar : add tracer_emb
2026-02-02 23:09:49,177 [INFO] IPUIPlugin:80 - create IPUIPlugin
2026-02-02 23:09:49,177 [INFO] PluginManager:220 - loadIPPluginJar : add ts
2026-02-02 23:09:49,179 [INFO] IPUIPlugin:80 - create IPUIPlugin
2026-02-02 23:09:49,179 [INFO] PluginManager:220 - loadIPPluginJar : add tsc
2026-02-02 23:09:49,182 [INFO] IPUIPlugin:80 - create IPUIPlugin
2026-02-02 23:09:49,182 [INFO] PluginManager:220 - loadIPPluginJar : add ucpd
2026-02-02 23:09:49,186 [INFO] IPUIPlugin:80 - create IPUIPlugin
2026-02-02 23:09:49,186 [INFO] PluginManager:220 - loadIPPluginJar : add usart
2026-02-02 23:09:49,190 [INFO] IPUIPlugin:80 - create IPUIPlugin
2026-02-02 23:09:49,190 [INFO] PluginManager:220 - loadIPPluginJar : add usbx
2026-02-02 23:09:49,326 [FATAL] Updater:351 - Updater called before beeing initialized
2026-02-02 23:09:49,390 [INFO] RulesReader:64 - Compatibility file has been processed (317 Rules)
2026-02-02 23:09:49,417 [INFO] RulesReader:64 - Compatibility file has been processed (317 Rules)
2026-02-02 23:09:49,442 [INFO] CADModel:165 - CPN selected for project level
2026-02-02 23:09:49,442 [INFO] CADModel:114 - Register for checkConnection events
2026-02-02 23:09:49,442 [FATAL] Updater:351 - Updater called before beeing initialized
2026-02-02 23:09:49,443 [ERROR] CADModel:125 - Updater not yet initialized, retry later 
2026-02-02 23:09:49,702 [FATAL] Updater:351 - Updater called before beeing initialized
2026-02-02 23:09:49,705 [INFO] CADModel:165 - CPN selected for project level
2026-02-02 23:09:49,705 [INFO] CADModel:114 - Register for checkConnection events
2026-02-02 23:09:49,705 [FATAL] Updater:351 - Updater called before beeing initialized
2026-02-02 23:09:49,705 [ERROR] CADModel:125 - Updater not yet initialized, retry later 
2026-02-02 23:09:49,708 [FATAL] Updater:351 - Updater called before beeing initialized
2026-02-02 23:09:49,817 [FATAL] Updater:351 - Updater called before beeing initialized
2026-02-02 23:09:49,822 [INFO] DbMcusAds:53 - JSON generation date=Thu Jan 08 22:57:51 ICT 2026 (1767887871456)
2026-02-02 23:09:49,822 [FATAL] Updater:351 - Updater called before beeing initialized
2026-02-02 23:09:49,884 [WARN] DetailPanel:346 - Failed to get advertising image, set to default
2026-02-02 23:09:50,023 [FATAL] Updater:351 - Updater called before beeing initialized
2026-02-02 23:09:50,026 [FATAL] Updater:351 - Updater called before beeing initialized
2026-02-02 23:09:50,026 [FATAL] Updater:351 - Updater called before beeing initialized
2026-02-02 23:09:50,027 [WARN] DetailPanel:346 - Failed to get advertising image, set to default
2026-02-02 23:09:50,027 [FATAL] Updater:351 - Updater called before beeing initialized
2026-02-02 23:09:50,098 [ERROR] Updater:1198 - MainUpdater not yet initialized. External WinMGr cannot be set.
2026-02-02 23:09:50,101 [INFO] Updater:1134 - Updater Version found : 6.15.0
2026-02-02 23:09:50,127 [INFO] ApplicationProperties:184 - Using Application install path: F:\stm32_1_9_0\STM32CubeIDE_1.19.0\STM32CubeIDE\plugins\com.st.stm32cube.common.mx_6.15.0.202507011659
2026-02-02 23:09:51,166 [INFO] ThirdPartyUpdaterWithRetryManager:70 - Updater plugin not ready yet. [2/15]
2026-02-02 23:09:51,726 [ERROR] LogOutputStream:75 - [STDERR_REDIRECT] Feb 02, 2026 11:09:51 PM java.util.prefs.WindowsPreferences <init>
2026-02-02 23:09:51,734 [ERROR] LogOutputStream:75 - [STDERR_REDIRECT] WARNING: Could not open/create prefs root node Software\JavaSoft\Prefs at root 0xffffffff80000002. Windows RegCreateKeyEx(...) returned error code 5.
2026-02-02 23:09:51,735 [ERROR] LogOutputStream:75 - [STDERR_REDIRECT] 
2026-02-02 23:09:52,289 [INFO] MainUpdater:2872 - connection check result : 10
2026-02-02 23:09:52,290 [INFO] MainUpdater:289 - Updater Check For Update Now.
2026-02-02 23:09:52,291 [INFO] MicroXplorer:498 - Change Database Version : DB.6.0.150
2026-02-02 23:09:52,313 [INFO] McuFinderGlobals:63 - Set McuFinder mode to 2 (CubeIDE integrated)
2026-02-02 23:09:52,314 [INFO] UserAuth:171 - activating auth plugin
2026-02-02 23:09:52,320 [INFO] UserAuth:487 - Internet connection configuration mode: 1
2026-02-02 23:09:52,363 [INFO] JxBrowserEngine:152 - Initiate JxBrowser Engine with user profile folder
2026-02-02 23:09:52,542 [INFO] CheckServerUpdateThread:120 - End of CheckServer Thread
2026-02-02 23:09:54,598 [INFO] WebApp:169 - Instantiating new browser for Auth
2026-02-02 23:09:54,952 [WARN] PackLoader:240 - Cannot read IP mode file for STMicroelectronics.FP-SNS-MOTENVWB1.1.4.0
2026-02-02 23:09:54,987 [WARN] PackLoader:240 - Cannot read IP mode file for STMicroelectronics.FP-ATR-ASTRA1.2.0.2
2026-02-02 23:09:55,011 [WARN] PackLoader:240 - Cannot read IP mode file for STMicroelectronics.X-CUBE-SMBUS.2.1.0
2026-02-02 23:09:55,151 [WARN] PackLoader:240 - Cannot read IP mode file for STMicroelectronics.X-CUBE-AZRTOS-F7.1.1.0
2026-02-02 23:09:55,175 [WARN] PackLoader:240 - Cannot read IP mode file for Cesanta.I-CUBE-Mongoose.7.19.0
2026-02-02 23:09:55,197 [WARN] PackLoader:240 - Cannot read IP mode file for STMicroelectronics.FP-SNS-MOTENV1.5.1.0
2026-02-02 23:09:55,275 [WARN] PackLoader:240 - Cannot read IP mode file for WES.I-CUBE-Cesium.1.4.0
2026-02-02 23:09:55,380 [WARN] PackLoader:240 - Cannot read IP mode file for Infineon.AIROC-Wi-Fi-Bluetooth-STM32.1.7.1
2026-02-02 23:09:55,548 [WARN] PackLoader:240 - Cannot read IP mode file for STMicroelectronics.X-CUBE-AZRTOS-H7.3.4.0
2026-02-02 23:09:55,587 [WARN] PackLoader:240 - Cannot read IP mode file for STMicroelectronics.X-CUBE-DISPLAY.3.0.0
2026-02-02 23:09:55,660 [WARN] PackLoader:240 - Cannot read IP mode file for STMicroelectronics.X-CUBE-NFC10.1.0.0
2026-02-02 23:09:55,701 [WARN] PackLoader:240 - Cannot read IP mode file for STMicroelectronics.X-CUBE-ST60.1.1.0
2026-02-02 23:09:55,726 [WARN] PackLoader:240 - Cannot read IP mode file for emotas.I-CUBE-CANOPEN.1.3.0
2026-02-02 23:09:55,754 [WARN] PackLoader:240 - Cannot read IP mode file for STMicroelectronics.X-CUBE-GNSS1.7.1.0
2026-02-02 23:09:55,783 [WARN] PackLoader:240 - Cannot read IP mode file for STMicroelectronics.FP-SNS-STBOX1.2.1.0
2026-02-02 23:09:55,808 [WARN] PackLoader:240 - Cannot read IP mode file for STMicroelectronics.FP-SNS-SMARTAG2.1.2.0
2026-02-02 23:09:55,825 [WARN] PackLoader:240 - Cannot read IP mode file for STMicroelectronics.FP-SNS-FLIGHT1.5.1.0
2026-02-02 23:09:55,856 [INFO] LogOutputStream:77 - [STDOUT_REDIRECT] 1 : Invalid condition id : UX_CORESTACK_Condition cause : null
2026-02-02 23:09:55,856 [INFO] LogOutputStream:77 - [STDOUT_REDIRECT] 1 : Invalid condition id : UX_CORESTACK_Condition cause : null
2026-02-02 23:09:55,865 [INFO] LogOutputStream:77 - [STDOUT_REDIRECT] 1 : Invalid condition id : UX_CORESTACK_Condition cause : null
2026-02-02 23:09:55,865 [INFO] LogOutputStream:77 - [STDOUT_REDIRECT] 1 : Invalid condition id : UX_CORESTACK_Condition cause : null
2026-02-02 23:09:55,874 [INFO] LogOutputStream:77 - [STDOUT_REDIRECT] 1 : Invalid condition id : UX_CORESTACK_Condition cause : null
2026-02-02 23:09:55,881 [WARN] PackLoader:240 - Cannot read IP mode file for STMicroelectronics.X-CUBE-AZRTOS-WL.2.0.0
2026-02-02 23:09:55,951 [WARN] PackLoader:240 - Cannot read IP mode file for STMicroelectronics.X-CUBE-AZRTOS-H7RS.1.2.0
2026-02-02 23:09:55,977 [WARN] PackLoader:240 - Cannot read IP mode file for STMicroelectronics.X-CUBE-BLE2.3.3.0
2026-02-02 23:09:56,058 [WARN] PackLoader:240 - Cannot read IP mode file for STMicroelectronics.X-CUBE-NFC9.1.0.0
2026-02-02 23:09:56,080 [WARN] PackLoader:240 - Cannot read IP mode file for wolfSSL.I-CUBE-wolfSSL.5.8.2
2026-02-02 23:09:56,096 [WARN] PackLoader:240 - Cannot read IP mode file for STMicroelectronics.X-CUBE-BLE1.7.1.0
2026-02-02 23:09:56,131 [WARN] PackLoader:240 - Cannot read IP mode file for wolfSSL.I-CUBE-wolfMQTT.1.19.2
2026-02-02 23:09:56,216 [WARN] PackLoader:240 - Cannot read IP mode file for STMicroelectronics.X-CUBE-FREERTOS.1.4.0
2026-02-02 23:09:56,250 [WARN] PackLoader:240 - Cannot read IP mode file for STMicroelectronics.X-CUBE-EEPRMA1.5.2.0
2026-02-02 23:09:56,311 [WARN] PackLoader:240 - Cannot read IP mode file for STMicroelectronics.X-CUBE-ST67W61.1.1.0
2026-02-02 23:09:56,696 [WARN] PackLoader:240 - Cannot read IP mode file for STMicroelectronics.X-CUBE-MEMS1.12.0.0
2026-02-02 23:09:57,181 [WARN] PackLoader:240 - Cannot read IP mode file for STMicroelectronics.X-CUBE-AZRTOS-G0.1.1.0
2026-02-02 23:09:57,196 [WARN] PackLoader:240 - Cannot read IP mode file for STMicroelectronics.X-CUBE-NFC4.3.0.0
2026-02-02 23:09:57,221 [WARN] PackLoader:240 - Cannot read IP mode file for EmbeddedOffice.I-CUBE-FS-RTOS.1.0.1
2026-02-02 23:09:57,238 [WARN] PackLoader:240 - Cannot read IP mode file for STMicroelectronics.X-CUBE-WB05N.2.0.0
2026-02-02 23:09:57,250 [WARN] PackLoader:240 - Cannot read IP mode file for wolfSSL.I-CUBE-wolfTPM.3.8.0
2026-02-02 23:09:57,270 [WARN] PackLoader:240 - Cannot read IP mode file for STMicroelectronics.X-CUBE-TCPP.4.2.0
2026-02-02 23:09:57,290 [WARN] PackLoader:240 - Cannot read IP mode file for RealThread.X-CUBE-RT-Thread_Nano.4.1.1
2026-02-02 23:09:57,301 [WARN] PackLoader:240 - Cannot read IP mode file for STMicroelectronics.FP-ATR-SIGFOX1.3.2.0
2026-02-02 23:09:57,350 [WARN] PackLoader:240 - Cannot read IP mode file for ITTIA_DB.I-CUBE-ITTIADB.8.9.0
2026-02-02 23:09:57,383 [WARN] PackLoader:240 - Cannot read IP mode file for STMicroelectronics.X-CUBE-NFC6.3.2.0
2026-02-02 23:09:57,410 [WARN] PackLoader:240 - Cannot read IP mode file for STMicroelectronics.X-CUBE-AI.10.2.0
2026-02-02 23:09:57,614 [WARN] PackLoader:240 - Cannot read IP mode file for SEGGER.I-CUBE-embOS.1.3.1
2026-02-02 23:09:57,955 [WARN] PackLoader:240 - Cannot read IP mode file for STMicroelectronics.X-CUBE-ALGOBUILD.1.4.0
2026-02-02 23:09:58,134 [WARN] PackLoader:240 - Cannot read IP mode file for STMicroelectronics.X-CUBE-MEMS1.11.3.0
2026-02-02 23:09:58,283 [INFO] WebApp:463 - Apply proxy settings
2026-02-02 23:09:58,286 [INFO] WebApp:548 - Chromium requires no authentication
2026-02-02 23:09:58,346 [INFO] WebApp:491 - Direct internet connection detected
2026-02-02 23:09:58,519 [INFO] WebApp:900 - Register for checkConnection events
2026-02-02 23:09:58,519 [INFO] WebApp:463 - Apply proxy settings
2026-02-02 23:09:58,520 [INFO] WebApp:548 - Chromium requires no authentication
2026-02-02 23:09:58,522 [INFO] WebApp:491 - Direct internet connection detected
2026-02-02 23:09:58,562 [WARN] PackLoader:240 - Cannot read IP mode file for STMicroelectronics.X-CUBE-PM33A1.1.0.0
2026-02-02 23:09:58,613 [WARN] PackLoader:240 - Cannot read IP mode file for STMicroelectronics.X-CUBE-AZRTOS-F4.1.1.0
2026-02-02 23:09:58,631 [WARN] PackLoader:240 - Cannot read IP mode file for STMicroelectronics.X-CUBE-ISPU.2.1.0
2026-02-02 23:09:58,682 [WARN] PackLoader:240 - Cannot read IP mode file for STMicroelectronics.X-CUBE-IPS.3.2.0
2026-02-02 23:09:58,780 [WARN] PackLoader:240 - Cannot read IP mode file for STMicroelectronics.X-CUBE-NFC12.1.0.0
2026-02-02 23:09:58,824 [INFO] WebApp:191 - Connection restablished
2026-02-02 23:09:58,874 [WARN] PackLoader:240 - Cannot read IP mode file for STMicroelectronics.X-CUBE-AZRTOS-L5.2.0.0
2026-02-02 23:09:58,903 [WARN] PackLoader:240 - Cannot read IP mode file for STMicroelectronics.X-CUBE-NFC6.3.1.0
2026-02-02 23:09:58,930 [WARN] PackLoader:240 - Cannot read IP mode file for STMicroelectronics.X-CUBE-FREERTOS.1.3.1
2026-02-02 23:09:58,956 [WARN] PackLoader:240 - Cannot read IP mode file for STMicroelectronics.X-CUBE-TOUCHGFX.4.26.0
2026-02-02 23:09:59,045 [WARN] PackLoader:240 - Cannot read IP mode file for STMicroelectronics.FP-SNS-STAIOTCFT.1.0.0
2026-02-02 23:09:59,094 [WARN] PackLoader:240 - Cannot read IP mode file for STMicroelectronics.X-CUBE-DPower.1.3.0
2026-02-02 23:09:59,184 [WARN] ConditionMgr:438 - getConditionDescription Invalid condition id : LAN8742 Phy interface Condition cause : null
2026-02-02 23:09:59,185 [WARN] PackLoader:240 - Cannot read IP mode file for STMicroelectronics.X-CUBE-AZRTOS-L4.2.0.0
2026-02-02 23:09:59,188 [WARN] ConditionMgr:1044 - genDependencies : Invalid condition id : LAN8742 Phy interface Condition cause : null
2026-02-02 23:09:59,188 [WARN] ConditionMgr:1044 - genDependencies : Invalid condition id : LAN8742 Phy interface Condition cause : null
2026-02-02 23:09:59,189 [WARN] ConditionMgr:1044 - genDependencies : Invalid condition id : LAN8742 Phy interface Condition cause : null
2026-02-02 23:09:59,229 [WARN] PackLoader:240 - Cannot read IP mode file for STMicroelectronics.X-CUBE-SFXS2LP1.4.0.0
2026-02-02 23:09:59,239 [WARN] PackLoader:240 - Cannot read IP mode file for STMicroelectronics.X-CUBE-ST67W61.1.2.0
2026-02-02 23:09:59,293 [WARN] PackLoader:240 - Cannot read IP mode file for STMicroelectronics.X-CUBE-BLEMGR.4.1.0
2026-02-02 23:09:59,404 [WARN] ConditionMgr:438 - getConditionDescription Invalid condition id : UX DEVICE CLASS RTOS Condition cause : null
2026-02-02 23:09:59,405 [WARN] ConditionMgr:438 - getConditionDescription Invalid condition id : UX DEVICE CLASS RTOS Condition cause : null
2026-02-02 23:09:59,431 [WARN] PackLoader:240 - Cannot read IP mode file for STMicroelectronics.X-CUBE-AZRTOS-WB.2.0.0
2026-02-02 23:09:59,433 [WARN] ConditionMgr:1044 - genDependencies : Invalid condition id : UX DEVICE CLASS RTOS Condition cause : null
2026-02-02 23:09:59,436 [WARN] ConditionMgr:1044 - genDependencies : Invalid condition id : UX DEVICE CLASS RTOS Condition cause : null
2026-02-02 23:09:59,444 [WARN] ConditionMgr:1044 - genDependencies : Invalid condition id : UX DEVICE CLASS RTOS Condition cause : null
2026-02-02 23:09:59,445 [WARN] ConditionMgr:1044 - genDependencies : Invalid condition id : UX DEVICE CLASS RTOS Condition cause : null
2026-02-02 23:09:59,446 [WARN] ConditionMgr:1044 - genDependencies : Invalid condition id : UX DEVICE CLASS RTOS Condition cause : null
2026-02-02 23:09:59,539 [WARN] ConditionMgr:438 - getConditionDescription Invalid condition id : Cortex-A Device cause : null
2026-02-02 23:09:59,659 [WARN] ConditionMgr:1044 - genDependencies : Invalid condition id : Cortex-A Device cause : null
2026-02-02 23:09:59,660 [WARN] ConditionMgr:1044 - genDependencies : Invalid condition id : Cortex-A Device cause : null
2026-02-02 23:09:59,661 [WARN] ConditionMgr:1044 - genDependencies : Invalid condition id : Cortex-A Device cause : null
2026-02-02 23:09:59,757 [WARN] PackLoader:240 - Cannot read IP mode file for STMicroelectronics.X-CUBE-STSE01.2.0.0
2026-02-02 23:09:59,925 [WARN] PackLoader:240 - Cannot read IP mode file for STMicroelectronics.X-CUBE-SUBG2.5.0.0
2026-02-02 23:10:00,032 [WARN] PackLoader:240 - Cannot read IP mode file for STMicroelectronics.X-CUBE-AZRTOS-H7RS.1.1.0
2026-02-02 23:10:00,159 [WARN] PackLoader:240 - Cannot read IP mode file for STMicroelectronics.X-CUBE-AZRTOS-G4.2.0.0
2026-02-02 23:10:00,253 [WARN] PackLoader:240 - Cannot read IP mode file for wolfSSL.I-CUBE-wolfSSH.1.4.20
2026-02-02 23:10:00,264 [WARN] PackLoader:240 - Cannot read IP mode file for STMicroelectronics.X-CUBE-NFC7.2.0.0
2026-02-02 23:10:00,282 [WARN] PackLoader:240 - Cannot read IP mode file for STMicroelectronics.X-CUBE-ALS.1.0.2
2026-02-02 23:10:00,299 [WARN] PackLoader:240 - Cannot read IP mode file for STMicroelectronics.X-CUBE-STSE01.1.0.0
2026-02-02 23:10:00,325 [WARN] PackLoader:240 - Cannot read IP mode file for STMicroelectronics.X-CUBE-TOF1.3.4.3
2026-02-02 23:10:00,349 [INFO] ThirdParty:978 - Integrity check success = true
2026-02-02 23:10:00,349 [INFO] IntegrityCheckThread:100 - exiting critical section [integrity check]
2026-02-02 23:10:00,349 [INFO] IntegrityCheckThread:103 - End integrity checks thread
2026-02-02 23:10:00,399 [INFO] WebApp:225 - Starting web application
2026-02-02 23:10:00,399 [INFO] WebApp:593 - Web application path used F:\stm32_1_9_0\STM32CubeIDE_1.19.0\STM32CubeIDE\plugins\com.st.stm32cube.common.mx_6.15.0.202507011659\db\plugins\mcufinder\reactClient1\index.html
2026-02-02 23:50:17,372 [ERROR] LogOutputStream:75 - [STDERR_REDIRECT] 
2026-02-02 23:50:17,383 [ERROR] LogOutputStream:75 - [STDERR_REDIRECT] 
